CRITICAL - 2021-12-13 06:53:22 --> Undefined variable: m_vin
#0 C:\xampp\htdocs\concoursvins\app\Controllers\Jury\C_saisirNotes.php(21): CodeIgniter\Debug\Exceptions->errorHandler(8, 'Undefined varia...', 'C:\\xampp\\htdocs...', 21, Array)
#1 C:\xampp\htdocs\concoursvins\system\CodeIgniter.php(928): App\Controllers\Jury\C_saisirNotes->index()
#2 C:\xampp\htdocs\concoursvins\system\CodeIgniter.php(436): CodeIgniter\CodeIgniter->runController(Object(App\Controllers\Jury\C_saisirNotes))
#3 C:\xampp\htdocs\concoursvins\system\CodeIgniter.php(336): CodeIgniter\CodeIgniter->handleRequest(NULL, Object(Config\Cache), false)
#4 C:\xampp\htdocs\concoursvins\public\index.php(37): CodeIgniter\CodeIgniter->run()
#5 {main}
CRITICAL - 2021-12-13 06:53:31 --> Undefined variable: m_vin
#0 C:\xampp\htdocs\concoursvins\app\Controllers\Jury\C_saisirNotes.php(21): CodeIgniter\Debug\Exceptions->errorHandler(8, 'Undefined varia...', 'C:\\xampp\\htdocs...', 21, Array)
#1 C:\xampp\htdocs\concoursvins\system\CodeIgniter.php(928): App\Controllers\Jury\C_saisirNotes->index()
#2 C:\xampp\htdocs\concoursvins\system\CodeIgniter.php(436): CodeIgniter\CodeIgniter->runController(Object(App\Controllers\Jury\C_saisirNotes))
#3 C:\xampp\htdocs\concoursvins\system\CodeIgniter.php(336): CodeIgniter\CodeIgniter->handleRequest(NULL, Object(Config\Cache), false)
#4 C:\xampp\htdocs\concoursvins\public\index.php(37): CodeIgniter\CodeIgniter->run()
#5 {main}
CRITICAL - 2021-12-13 06:54:18 --> Undefined variable: m_vin
#0 C:\xampp\htdocs\concoursvins\app\Controllers\Jury\C_saisirNotes.php(21): CodeIgniter\Debug\Exceptions->errorHandler(8, 'Undefined varia...', 'C:\\xampp\\htdocs...', 21, Array)
#1 C:\xampp\htdocs\concoursvins\system\CodeIgniter.php(928): App\Controllers\Jury\C_saisirNotes->index()
#2 C:\xampp\htdocs\concoursvins\system\CodeIgniter.php(436): CodeIgniter\CodeIgniter->runController(Object(App\Controllers\Jury\C_saisirNotes))
#3 C:\xampp\htdocs\concoursvins\system\CodeIgniter.php(336): CodeIgniter\CodeIgniter->handleRequest(NULL, Object(Config\Cache), false)
#4 C:\xampp\htdocs\concoursvins\public\index.php(37): CodeIgniter\CodeIgniter->run()
#5 {main}
CRITICAL - 2021-12-13 06:54:29 --> Undefined variable: vins
#0 C:\xampp\htdocs\concoursvins\app\Controllers\Jury\C_saisirNotes.php(22): CodeIgniter\Debug\Exceptions->errorHandler(8, 'Undefined varia...', 'C:\\xampp\\htdocs...', 22, Array)
#1 C:\xampp\htdocs\concoursvins\system\CodeIgniter.php(928): App\Controllers\Jury\C_saisirNotes->index()
#2 C:\xampp\htdocs\concoursvins\system\CodeIgniter.php(436): CodeIgniter\CodeIgniter->runController(Object(App\Controllers\Jury\C_saisirNotes))
#3 C:\xampp\htdocs\concoursvins\system\CodeIgniter.php(336): CodeIgniter\CodeIgniter->handleRequest(NULL, Object(Config\Cache), false)
#4 C:\xampp\htdocs\concoursvins\public\index.php(37): CodeIgniter\CodeIgniter->run()
#5 {main}
CRITICAL - 2021-12-13 06:55:24 --> Undefined variable: m_vin
#0 C:\xampp\htdocs\concoursvins\app\Controllers\Jury\C_saisirNotes.php(21): CodeIgniter\Debug\Exceptions->errorHandler(8, 'Undefined varia...', 'C:\\xampp\\htdocs...', 21, Array)
#1 C:\xampp\htdocs\concoursvins\system\CodeIgniter.php(928): App\Controllers\Jury\C_saisirNotes->index()
#2 C:\xampp\htdocs\concoursvins\system\CodeIgniter.php(436): CodeIgniter\CodeIgniter->runController(Object(App\Controllers\Jury\C_saisirNotes))
#3 C:\xampp\htdocs\concoursvins\system\CodeIgniter.php(336): CodeIgniter\CodeIgniter->handleRequest(NULL, Object(Config\Cache), false)
#4 C:\xampp\htdocs\concoursvins\public\index.php(37): CodeIgniter\CodeIgniter->run()
#5 {main}
CRITICAL - 2021-12-13 06:56:56 --> Too few arguments to function App\Models\M_vin::getListeVin(), 0 passed in C:\xampp\htdocs\concoursvins\app\Controllers\Jury\C_saisirNotes.php on line 22 and exactly 1 expected
#0 C:\xampp\htdocs\concoursvins\app\Controllers\Jury\C_saisirNotes.php(22): App\Models\M_vin->getListeVin()
#1 C:\xampp\htdocs\concoursvins\system\CodeIgniter.php(928): App\Controllers\Jury\C_saisirNotes->index()
#2 C:\xampp\htdocs\concoursvins\system\CodeIgniter.php(436): CodeIgniter\CodeIgniter->runController(Object(App\Controllers\Jury\C_saisirNotes))
#3 C:\xampp\htdocs\concoursvins\system\CodeIgniter.php(336): CodeIgniter\CodeIgniter->handleRequest(NULL, Object(Config\Cache), false)
#4 C:\xampp\htdocs\concoursvins\public\index.php(37): CodeIgniter\CodeIgniter->run()
#5 {main}
CRITICAL - 2021-12-13 06:57:40 --> Array to string conversion
#0 [internal function]: CodeIgniter\Debug\Exceptions->errorHandler(8, 'Array to string...', 'C:\\xampp\\htdocs...', 381, Array)
#1 C:\xampp\htdocs\concoursvins\system\Database\Query.php(381): implode(',', Array)
#2 C:\xampp\htdocs\concoursvins\system\Database\Query.php(355): CodeIgniter\Database\Query->matchNamedBinds('SELECT `id`, `n...', Array)
#3 C:\xampp\htdocs\concoursvins\system\Database\Query.php(170): CodeIgniter\Database\Query->compileBinds()
#4 C:\xampp\htdocs\concoursvins\system\Database\BaseConnection.php(647): CodeIgniter\Database\Query->getQuery()
#5 C:\xampp\htdocs\concoursvins\system\Database\BaseBuilder.php(1881): CodeIgniter\Database\BaseConnection->query('SELECT `id`, `n...', Array, false)
#6 C:\xampp\htdocs\concoursvins\app\Models\M_vin.php(30): CodeIgniter\Database\BaseBuilder->get()
#7 C:\xampp\htdocs\concoursvins\app\Controllers\Jury\C_saisirNotes.php(22): App\Models\M_vin->getListeVin(Array)
#8 C:\xampp\htdocs\concoursvins\system\CodeIgniter.php(928): App\Controllers\Jury\C_saisirNotes->index()
#9 C:\xampp\htdocs\concoursvins\system\CodeIgniter.php(436): CodeIgniter\CodeIgniter->runController(Object(App\Controllers\Jury\C_saisirNotes))
#10 C:\xampp\htdocs\concoursvins\system\CodeIgniter.php(336): CodeIgniter\CodeIgniter->handleRequest(NULL, Object(Config\Cache), false)
#11 C:\xampp\htdocs\concoursvins\public\index.php(37): CodeIgniter\CodeIgniter->run()
#12 {main}
CRITICAL - 2021-12-13 06:59:35 --> Call to undefined method App\Models\M_producteur::getListeProduteur
#0 C:\xampp\htdocs\concoursvins\app\Controllers\Jury\C_saisirNotes.php(22): CodeIgniter\Model->__call('getListeProdute...', Array)
#1 C:\xampp\htdocs\concoursvins\system\CodeIgniter.php(928): App\Controllers\Jury\C_saisirNotes->index()
#2 C:\xampp\htdocs\concoursvins\system\CodeIgniter.php(436): CodeIgniter\CodeIgniter->runController(Object(App\Controllers\Jury\C_saisirNotes))
#3 C:\xampp\htdocs\concoursvins\system\CodeIgniter.php(336): CodeIgniter\CodeIgniter->handleRequest(NULL, Object(Config\Cache), false)
#4 C:\xampp\htdocs\concoursvins\public\index.php(37): CodeIgniter\CodeIgniter->run()
#5 {main}
CRITICAL - 2021-12-13 07:01:10 --> Undefined offset: 0
#0 C:\xampp\htdocs\concoursvins\app\Controllers\Jury\C_saisirNotes.php(22): CodeIgniter\Debug\Exceptions->errorHandler(8, 'Undefined offse...', 'C:\\xampp\\htdocs...', 22, Array)
#1 C:\xampp\htdocs\concoursvins\system\CodeIgniter.php(928): App\Controllers\Jury\C_saisirNotes->index()
#2 C:\xampp\htdocs\concoursvins\system\CodeIgniter.php(436): CodeIgniter\CodeIgniter->runController(Object(App\Controllers\Jury\C_saisirNotes))
#3 C:\xampp\htdocs\concoursvins\system\CodeIgniter.php(336): CodeIgniter\CodeIgniter->handleRequest(NULL, Object(Config\Cache), false)
#4 C:\xampp\htdocs\concoursvins\public\index.php(37): CodeIgniter\CodeIgniter->run()
#5 {main}
CRITICAL - 2021-12-13 07:08:51 --> Too few arguments to function App\Models\M_vin::getListeVin(), 0 passed in C:\xampp\htdocs\concoursvins\app\Controllers\Jury\C_saisirNotes.php on line 22 and exactly 1 expected
#0 C:\xampp\htdocs\concoursvins\app\Controllers\Jury\C_saisirNotes.php(22): App\Models\M_vin->getListeVin()
#1 C:\xampp\htdocs\concoursvins\system\CodeIgniter.php(928): App\Controllers\Jury\C_saisirNotes->index()
#2 C:\xampp\htdocs\concoursvins\system\CodeIgniter.php(436): CodeIgniter\CodeIgniter->runController(Object(App\Controllers\Jury\C_saisirNotes))
#3 C:\xampp\htdocs\concoursvins\system\CodeIgniter.php(336): CodeIgniter\CodeIgniter->handleRequest(NULL, Object(Config\Cache), false)
#4 C:\xampp\htdocs\concoursvins\public\index.php(37): CodeIgniter\CodeIgniter->run()
#5 {main}
CRITICAL - 2021-12-13 07:10:36 --> Too few arguments to function App\Models\M_vin::getListeVin(), 0 passed in C:\xampp\htdocs\concoursvins\app\Controllers\Jury\C_saisirNotes.php on line 22 and exactly 1 expected
#0 C:\xampp\htdocs\concoursvins\app\Controllers\Jury\C_saisirNotes.php(22): App\Models\M_vin->getListeVin()
#1 C:\xampp\htdocs\concoursvins\system\CodeIgniter.php(928): App\Controllers\Jury\C_saisirNotes->index()
#2 C:\xampp\htdocs\concoursvins\system\CodeIgniter.php(436): CodeIgniter\CodeIgniter->runController(Object(App\Controllers\Jury\C_saisirNotes))
#3 C:\xampp\htdocs\concoursvins\system\CodeIgniter.php(336): CodeIgniter\CodeIgniter->handleRequest(NULL, Object(Config\Cache), false)
#4 C:\xampp\htdocs\concoursvins\public\index.php(37): CodeIgniter\CodeIgniter->run()
#5 {main}
CRITICAL - 2021-12-13 07:10:59 --> Class 'App\Controllers\Ajax\Controller' not found
#0 C:\xampp\htdocs\concoursvins\system\Autoloader\Autoloader.php(300): include_once()
#1 C:\xampp\htdocs\concoursvins\system\Autoloader\Autoloader.php(273): CodeIgniter\Autoloader\Autoloader->includeFile('C:\\xampp\\htdocs...')
#2 C:\xampp\htdocs\concoursvins\system\Autoloader\Autoloader.php(247): CodeIgniter\Autoloader\Autoloader->loadInNamespace('App\\Controllers...')
#3 [internal function]: CodeIgniter\Autoloader\Autoloader->loadClass('App\\Controllers...')
#4 [internal function]: spl_autoload_call('App\\Controllers...')
#5 C:\xampp\htdocs\concoursvins\system\CodeIgniter.php(885): class_exists('\\App\\Controller...', true)
#6 C:\xampp\htdocs\concoursvins\system\CodeIgniter.php(421): CodeIgniter\CodeIgniter->startController()
#7 C:\xampp\htdocs\concoursvins\system\CodeIgniter.php(336): CodeIgniter\CodeIgniter->handleRequest(NULL, Object(Config\Cache), false)
#8 C:\xampp\htdocs\concoursvins\public\index.php(37): CodeIgniter\CodeIgniter->run()
#9 {main}
CRITICAL - 2021-12-13 07:12:29 --> Class 'App\Controllers\Ajax\Controller' not found
#0 C:\xampp\htdocs\concoursvins\system\Autoloader\Autoloader.php(300): include_once()
#1 C:\xampp\htdocs\concoursvins\system\Autoloader\Autoloader.php(273): CodeIgniter\Autoloader\Autoloader->includeFile('C:\\xampp\\htdocs...')
#2 C:\xampp\htdocs\concoursvins\system\Autoloader\Autoloader.php(247): CodeIgniter\Autoloader\Autoloader->loadInNamespace('App\\Controllers...')
#3 [internal function]: CodeIgniter\Autoloader\Autoloader->loadClass('App\\Controllers...')
#4 [internal function]: spl_autoload_call('App\\Controllers...')
#5 C:\xampp\htdocs\concoursvins\system\CodeIgniter.php(885): class_exists('\\App\\Controller...', true)
#6 C:\xampp\htdocs\concoursvins\system\CodeIgniter.php(421): CodeIgniter\CodeIgniter->startController()
#7 C:\xampp\htdocs\concoursvins\system\CodeIgniter.php(336): CodeIgniter\CodeIgniter->handleRequest(NULL, Object(Config\Cache), false)
#8 C:\xampp\htdocs\concoursvins\public\index.php(37): CodeIgniter\CodeIgniter->run()
#9 {main}
CRITICAL - 2021-12-13 07:14:14 --> Class 'App\Controllers\Ajax\Controller' not found
#0 C:\xampp\htdocs\concoursvins\system\Autoloader\Autoloader.php(300): include_once()
#1 C:\xampp\htdocs\concoursvins\system\Autoloader\Autoloader.php(273): CodeIgniter\Autoloader\Autoloader->includeFile('C:\\xampp\\htdocs...')
#2 C:\xampp\htdocs\concoursvins\system\Autoloader\Autoloader.php(247): CodeIgniter\Autoloader\Autoloader->loadInNamespace('App\\Controllers...')
#3 [internal function]: CodeIgniter\Autoloader\Autoloader->loadClass('App\\Controllers...')
#4 [internal function]: spl_autoload_call('App\\Controllers...')
#5 C:\xampp\htdocs\concoursvins\system\CodeIgniter.php(885): class_exists('\\App\\Controller...', true)
#6 C:\xampp\htdocs\concoursvins\system\CodeIgniter.php(421): CodeIgniter\CodeIgniter->startController()
#7 C:\xampp\htdocs\concoursvins\system\CodeIgniter.php(336): CodeIgniter\CodeIgniter->handleRequest(NULL, Object(Config\Cache), false)
#8 C:\xampp\htdocs\concoursvins\public\index.php(37): CodeIgniter\CodeIgniter->run()
#9 {main}
CRITICAL - 2021-12-13 07:15:30 --> Class 'App\Controllers\Ajax\Controller' not found
#0 C:\xampp\htdocs\concoursvins\system\Autoloader\Autoloader.php(300): include_once()
#1 C:\xampp\htdocs\concoursvins\system\Autoloader\Autoloader.php(273): CodeIgniter\Autoloader\Autoloader->includeFile('C:\\xampp\\htdocs...')
#2 C:\xampp\htdocs\concoursvins\system\Autoloader\Autoloader.php(247): CodeIgniter\Autoloader\Autoloader->loadInNamespace('App\\Controllers...')
#3 [internal function]: CodeIgniter\Autoloader\Autoloader->loadClass('App\\Controllers...')
#4 [internal function]: spl_autoload_call('App\\Controllers...')
#5 C:\xampp\htdocs\concoursvins\system\CodeIgniter.php(885): class_exists('\\App\\Controller...', true)
#6 C:\xampp\htdocs\concoursvins\system\CodeIgniter.php(421): CodeIgniter\CodeIgniter->startController()
#7 C:\xampp\htdocs\concoursvins\system\CodeIgniter.php(336): CodeIgniter\CodeIgniter->handleRequest(NULL, Object(Config\Cache), false)
#8 C:\xampp\htdocs\concoursvins\public\index.php(37): CodeIgniter\CodeIgniter->run()
#9 {main}
CRITICAL - 2021-12-13 07:15:38 --> Class 'App\Controllers\Ajax\Controller' not found
#0 C:\xampp\htdocs\concoursvins\system\Autoloader\Autoloader.php(300): include_once()
#1 C:\xampp\htdocs\concoursvins\system\Autoloader\Autoloader.php(273): CodeIgniter\Autoloader\Autoloader->includeFile('C:\\xampp\\htdocs...')
#2 C:\xampp\htdocs\concoursvins\system\Autoloader\Autoloader.php(247): CodeIgniter\Autoloader\Autoloader->loadInNamespace('App\\Controllers...')
#3 [internal function]: CodeIgniter\Autoloader\Autoloader->loadClass('App\\Controllers...')
#4 [internal function]: spl_autoload_call('App\\Controllers...')
#5 C:\xampp\htdocs\concoursvins\system\CodeIgniter.php(885): class_exists('\\App\\Controller...', true)
#6 C:\xampp\htdocs\concoursvins\system\CodeIgniter.php(421): CodeIgniter\CodeIgniter->startController()
#7 C:\xampp\htdocs\concoursvins\system\CodeIgniter.php(336): CodeIgniter\CodeIgniter->handleRequest(NULL, Object(Config\Cache), false)
#8 C:\xampp\htdocs\concoursvins\public\index.php(37): CodeIgniter\CodeIgniter->run()
#9 {main}
CRITICAL - 2021-12-13 07:16:56 --> Class 'App\Controllers\Ajax\Controller' not found
#0 C:\xampp\htdocs\concoursvins\system\Autoloader\Autoloader.php(300): include_once()
#1 C:\xampp\htdocs\concoursvins\system\Autoloader\Autoloader.php(273): CodeIgniter\Autoloader\Autoloader->includeFile('C:\\xampp\\htdocs...')
#2 C:\xampp\htdocs\concoursvins\system\Autoloader\Autoloader.php(247): CodeIgniter\Autoloader\Autoloader->loadInNamespace('App\\Controllers...')
#3 [internal function]: CodeIgniter\Autoloader\Autoloader->loadClass('App\\Controllers...')
#4 [internal function]: spl_autoload_call('App\\Controllers...')
#5 C:\xampp\htdocs\concoursvins\system\CodeIgniter.php(885): class_exists('\\App\\Controller...', true)
#6 C:\xampp\htdocs\concoursvins\system\CodeIgniter.php(421): CodeIgniter\CodeIgniter->startController()
#7 C:\xampp\htdocs\concoursvins\system\CodeIgniter.php(336): CodeIgniter\CodeIgniter->handleRequest(NULL, Object(Config\Cache), false)
#8 C:\xampp\htdocs\concoursvins\public\index.php(37): CodeIgniter\CodeIgniter->run()
#9 {main}
CRITICAL - 2021-12-13 07:18:36 --> Class 'App\Controllers\Ajax\Controller' not found
#0 C:\xampp\htdocs\concoursvins\system\Autoloader\Autoloader.php(300): include_once()
#1 C:\xampp\htdocs\concoursvins\system\Autoloader\Autoloader.php(273): CodeIgniter\Autoloader\Autoloader->includeFile('C:\\xampp\\htdocs...')
#2 C:\xampp\htdocs\concoursvins\system\Autoloader\Autoloader.php(247): CodeIgniter\Autoloader\Autoloader->loadInNamespace('App\\Controllers...')
#3 [internal function]: CodeIgniter\Autoloader\Autoloader->loadClass('App\\Controllers...')
#4 [internal function]: spl_autoload_call('App\\Controllers...')
#5 C:\xampp\htdocs\concoursvins\system\CodeIgniter.php(885): class_exists('\\App\\Controller...', true)
#6 C:\xampp\htdocs\concoursvins\system\CodeIgniter.php(421): CodeIgniter\CodeIgniter->startController()
#7 C:\xampp\htdocs\concoursvins\system\CodeIgniter.php(336): CodeIgniter\CodeIgniter->handleRequest(NULL, Object(Config\Cache), false)
#8 C:\xampp\htdocs\concoursvins\public\index.php(37): CodeIgniter\CodeIgniter->run()
#9 {main}
CRITICAL - 2021-12-13 07:30:13 --> Class 'App\Controllers\Ajax\Controller' not found
#0 C:\xampp\htdocs\concoursvins\system\Autoloader\Autoloader.php(300): include_once()
#1 C:\xampp\htdocs\concoursvins\system\Autoloader\Autoloader.php(273): CodeIgniter\Autoloader\Autoloader->includeFile('C:\\xampp\\htdocs...')
#2 C:\xampp\htdocs\concoursvins\system\Autoloader\Autoloader.php(247): CodeIgniter\Autoloader\Autoloader->loadInNamespace('App\\Controllers...')
#3 [internal function]: CodeIgniter\Autoloader\Autoloader->loadClass('App\\Controllers...')
#4 [internal function]: spl_autoload_call('App\\Controllers...')
#5 C:\xampp\htdocs\concoursvins\system\CodeIgniter.php(885): class_exists('\\App\\Controller...', true)
#6 C:\xampp\htdocs\concoursvins\system\CodeIgniter.php(421): CodeIgniter\CodeIgniter->startController()
#7 C:\xampp\htdocs\concoursvins\system\CodeIgniter.php(336): CodeIgniter\CodeIgniter->handleRequest(NULL, Object(Config\Cache), false)
#8 C:\xampp\htdocs\concoursvins\public\index.php(37): CodeIgniter\CodeIgniter->run()
#9 {main}
CRITICAL - 2021-12-13 07:31:44 --> Class 'App\Controllers\Ajax\Controller' not found
#0 C:\xampp\htdocs\concoursvins\system\Autoloader\Autoloader.php(300): include_once()
#1 C:\xampp\htdocs\concoursvins\system\Autoloader\Autoloader.php(273): CodeIgniter\Autoloader\Autoloader->includeFile('C:\\xampp\\htdocs...')
#2 C:\xampp\htdocs\concoursvins\system\Autoloader\Autoloader.php(247): CodeIgniter\Autoloader\Autoloader->loadInNamespace('App\\Controllers...')
#3 [internal function]: CodeIgniter\Autoloader\Autoloader->loadClass('App\\Controllers...')
#4 [internal function]: spl_autoload_call('App\\Controllers...')
#5 C:\xampp\htdocs\concoursvins\system\CodeIgniter.php(885): class_exists('\\App\\Controller...', true)
#6 C:\xampp\htdocs\concoursvins\system\CodeIgniter.php(421): CodeIgniter\CodeIgniter->startController()
#7 C:\xampp\htdocs\concoursvins\system\CodeIgniter.php(336): CodeIgniter\CodeIgniter->handleRequest(NULL, Object(Config\Cache), false)
#8 C:\xampp\htdocs\concoursvins\public\index.php(37): CodeIgniter\CodeIgniter->run()
#9 {main}
CRITICAL - 2021-12-13 07:34:10 --> Class 'App\Controllers\Ajax\Controller' not found
#0 C:\xampp\htdocs\concoursvins\system\Autoloader\Autoloader.php(300): include_once()
#1 C:\xampp\htdocs\concoursvins\system\Autoloader\Autoloader.php(273): CodeIgniter\Autoloader\Autoloader->includeFile('C:\\xampp\\htdocs...')
#2 C:\xampp\htdocs\concoursvins\system\Autoloader\Autoloader.php(247): CodeIgniter\Autoloader\Autoloader->loadInNamespace('App\\Controllers...')
#3 [internal function]: CodeIgniter\Autoloader\Autoloader->loadClass('App\\Controllers...')
#4 [internal function]: spl_autoload_call('App\\Controllers...')
#5 C:\xampp\htdocs\concoursvins\system\CodeIgniter.php(885): class_exists('\\App\\Controller...', true)
#6 C:\xampp\htdocs\concoursvins\system\CodeIgniter.php(421): CodeIgniter\CodeIgniter->startController()
#7 C:\xampp\htdocs\concoursvins\system\CodeIgniter.php(336): CodeIgniter\CodeIgniter->handleRequest(NULL, Object(Config\Cache), false)
#8 C:\xampp\htdocs\concoursvins\public\index.php(37): CodeIgniter\CodeIgniter->run()
#9 {main}
CRITICAL - 2021-12-13 07:34:14 --> Class 'App\Controllers\Ajax\Controller' not found
#0 C:\xampp\htdocs\concoursvins\system\Autoloader\Autoloader.php(300): include_once()
#1 C:\xampp\htdocs\concoursvins\system\Autoloader\Autoloader.php(273): CodeIgniter\Autoloader\Autoloader->includeFile('C:\\xampp\\htdocs...')
#2 C:\xampp\htdocs\concoursvins\system\Autoloader\Autoloader.php(247): CodeIgniter\Autoloader\Autoloader->loadInNamespace('App\\Controllers...')
#3 [internal function]: CodeIgniter\Autoloader\Autoloader->loadClass('App\\Controllers...')
#4 [internal function]: spl_autoload_call('App\\Controllers...')
#5 C:\xampp\htdocs\concoursvins\system\CodeIgniter.php(885): class_exists('\\App\\Controller...', true)
#6 C:\xampp\htdocs\concoursvins\system\CodeIgniter.php(421): CodeIgniter\CodeIgniter->startController()
#7 C:\xampp\htdocs\concoursvins\system\CodeIgniter.php(336): CodeIgniter\CodeIgniter->handleRequest(NULL, Object(Config\Cache), false)
#8 C:\xampp\htdocs\concoursvins\public\index.php(37): CodeIgniter\CodeIgniter->run()
#9 {main}
CRITICAL - 2021-12-13 07:35:26 --> Class 'App\Controllers\Ajax\Controller' not found
#0 C:\xampp\htdocs\concoursvins\system\Autoloader\Autoloader.php(300): include_once()
#1 C:\xampp\htdocs\concoursvins\system\Autoloader\Autoloader.php(273): CodeIgniter\Autoloader\Autoloader->includeFile('C:\\xampp\\htdocs...')
#2 C:\xampp\htdocs\concoursvins\system\Autoloader\Autoloader.php(247): CodeIgniter\Autoloader\Autoloader->loadInNamespace('App\\Controllers...')
#3 [internal function]: CodeIgniter\Autoloader\Autoloader->loadClass('App\\Controllers...')
#4 [internal function]: spl_autoload_call('App\\Controllers...')
#5 C:\xampp\htdocs\concoursvins\system\CodeIgniter.php(885): class_exists('\\App\\Controller...', true)
#6 C:\xampp\htdocs\concoursvins\system\CodeIgniter.php(421): CodeIgniter\CodeIgniter->startController()
#7 C:\xampp\htdocs\concoursvins\system\CodeIgniter.php(336): CodeIgniter\CodeIgniter->handleRequest(NULL, Object(Config\Cache), false)
#8 C:\xampp\htdocs\concoursvins\public\index.php(37): CodeIgniter\CodeIgniter->run()
#9 {main}
CRITICAL - 2021-12-13 07:36:45 --> Class 'App\Controllers\Ajax\Controller' not found
#0 C:\xampp\htdocs\concoursvins\system\Autoloader\Autoloader.php(300): include_once()
#1 C:\xampp\htdocs\concoursvins\system\Autoloader\Autoloader.php(273): CodeIgniter\Autoloader\Autoloader->includeFile('C:\\xampp\\htdocs...')
#2 C:\xampp\htdocs\concoursvins\system\Autoloader\Autoloader.php(247): CodeIgniter\Autoloader\Autoloader->loadInNamespace('App\\Controllers...')
#3 [internal function]: CodeIgniter\Autoloader\Autoloader->loadClass('App\\Controllers...')
#4 [internal function]: spl_autoload_call('App\\Controllers...')
#5 C:\xampp\htdocs\concoursvins\system\CodeIgniter.php(885): class_exists('\\App\\Controller...', true)
#6 C:\xampp\htdocs\concoursvins\system\CodeIgniter.php(421): CodeIgniter\CodeIgniter->startController()
#7 C:\xampp\htdocs\concoursvins\system\CodeIgniter.php(336): CodeIgniter\CodeIgniter->handleRequest(NULL, Object(Config\Cache), false)
#8 C:\xampp\htdocs\concoursvins\public\index.php(37): CodeIgniter\CodeIgniter->run()
#9 {main}
CRITICAL - 2021-12-13 07:42:59 --> Class 'App\Controllers\Ajax\Controller' not found
#0 C:\xampp\htdocs\concoursvins\system\Autoloader\Autoloader.php(300): include_once()
#1 C:\xampp\htdocs\concoursvins\system\Autoloader\Autoloader.php(273): CodeIgniter\Autoloader\Autoloader->includeFile('C:\\xampp\\htdocs...')
#2 C:\xampp\htdocs\concoursvins\system\Autoloader\Autoloader.php(247): CodeIgniter\Autoloader\Autoloader->loadInNamespace('App\\Controllers...')
#3 [internal function]: CodeIgniter\Autoloader\Autoloader->loadClass('App\\Controllers...')
#4 [internal function]: spl_autoload_call('App\\Controllers...')
#5 C:\xampp\htdocs\concoursvins\system\CodeIgniter.php(885): class_exists('\\App\\Controller...', true)
#6 C:\xampp\htdocs\concoursvins\system\CodeIgniter.php(421): CodeIgniter\CodeIgniter->startController()
#7 C:\xampp\htdocs\concoursvins\system\CodeIgniter.php(336): CodeIgniter\CodeIgniter->handleRequest(NULL, Object(Config\Cache), false)
#8 C:\xampp\htdocs\concoursvins\public\index.php(37): CodeIgniter\CodeIgniter->run()
#9 {main}
CRITICAL - 2021-12-13 07:52:15 --> Class 'App\Controllers\Ajax\Controller' not found
#0 C:\xampp\htdocs\concoursvins\system\Autoloader\Autoloader.php(300): include_once()
#1 C:\xampp\htdocs\concoursvins\system\Autoloader\Autoloader.php(273): CodeIgniter\Autoloader\Autoloader->includeFile('C:\\xampp\\htdocs...')
#2 C:\xampp\htdocs\concoursvins\system\Autoloader\Autoloader.php(247): CodeIgniter\Autoloader\Autoloader->loadInNamespace('App\\Controllers...')
#3 [internal function]: CodeIgniter\Autoloader\Autoloader->loadClass('App\\Controllers...')
#4 [internal function]: spl_autoload_call('App\\Controllers...')
#5 C:\xampp\htdocs\concoursvins\system\CodeIgniter.php(885): class_exists('\\App\\Controller...', true)
#6 C:\xampp\htdocs\concoursvins\system\CodeIgniter.php(421): CodeIgniter\CodeIgniter->startController()
#7 C:\xampp\htdocs\concoursvins\system\CodeIgniter.php(336): CodeIgniter\CodeIgniter->handleRequest(NULL, Object(Config\Cache), false)
#8 C:\xampp\htdocs\concoursvins\public\index.php(37): CodeIgniter\CodeIgniter->run()
#9 {main}
CRITICAL - 2021-12-13 07:54:32 --> Class 'App\Controllers\Ajax\Controller' not found
#0 C:\xampp\htdocs\concoursvins\system\Autoloader\Autoloader.php(300): include_once()
#1 C:\xampp\htdocs\concoursvins\system\Autoloader\Autoloader.php(273): CodeIgniter\Autoloader\Autoloader->includeFile('C:\\xampp\\htdocs...')
#2 C:\xampp\htdocs\concoursvins\system\Autoloader\Autoloader.php(247): CodeIgniter\Autoloader\Autoloader->loadInNamespace('App\\Controllers...')
#3 [internal function]: CodeIgniter\Autoloader\Autoloader->loadClass('App\\Controllers...')
#4 [internal function]: spl_autoload_call('App\\Controllers...')
#5 C:\xampp\htdocs\concoursvins\system\CodeIgniter.php(885): class_exists('\\App\\Controller...', true)
#6 C:\xampp\htdocs\concoursvins\system\CodeIgniter.php(421): CodeIgniter\CodeIgniter->startController()
#7 C:\xampp\htdocs\concoursvins\system\CodeIgniter.php(336): CodeIgniter\CodeIgniter->handleRequest(NULL, Object(Config\Cache), false)
#8 C:\xampp\htdocs\concoursvins\public\index.php(37): CodeIgniter\CodeIgniter->run()
#9 {main}
CRITICAL - 2021-12-13 07:56:44 --> Class 'App\Controllers\Ajax\Controller' not found
#0 C:\xampp\htdocs\concoursvins\system\Autoloader\Autoloader.php(300): include_once()
#1 C:\xampp\htdocs\concoursvins\system\Autoloader\Autoloader.php(273): CodeIgniter\Autoloader\Autoloader->includeFile('C:\\xampp\\htdocs...')
#2 C:\xampp\htdocs\concoursvins\system\Autoloader\Autoloader.php(247): CodeIgniter\Autoloader\Autoloader->loadInNamespace('App\\Controllers...')
#3 [internal function]: CodeIgniter\Autoloader\Autoloader->loadClass('App\\Controllers...')
#4 [internal function]: spl_autoload_call('App\\Controllers...')
#5 C:\xampp\htdocs\concoursvins\system\CodeIgniter.php(885): class_exists('\\App\\Controller...', true)
#6 C:\xampp\htdocs\concoursvins\system\CodeIgniter.php(421): CodeIgniter\CodeIgniter->startController()
#7 C:\xampp\htdocs\concoursvins\system\CodeIgniter.php(336): CodeIgniter\CodeIgniter->handleRequest(NULL, Object(Config\Cache), false)
#8 C:\xampp\htdocs\concoursvins\public\index.php(37): CodeIgniter\CodeIgniter->run()
#9 {main}
CRITICAL - 2021-12-13 07:58:18 --> Class 'App\Controllers\Ajax\Controller' not found
#0 C:\xampp\htdocs\concoursvins\system\Autoloader\Autoloader.php(300): include_once()
#1 C:\xampp\htdocs\concoursvins\system\Autoloader\Autoloader.php(273): CodeIgniter\Autoloader\Autoloader->includeFile('C:\\xampp\\htdocs...')
#2 C:\xampp\htdocs\concoursvins\system\Autoloader\Autoloader.php(247): CodeIgniter\Autoloader\Autoloader->loadInNamespace('App\\Controllers...')
#3 [internal function]: CodeIgniter\Autoloader\Autoloader->loadClass('App\\Controllers...')
#4 [internal function]: spl_autoload_call('App\\Controllers...')
#5 C:\xampp\htdocs\concoursvins\system\CodeIgniter.php(885): class_exists('\\App\\Controller...', true)
#6 C:\xampp\htdocs\concoursvins\system\CodeIgniter.php(421): CodeIgniter\CodeIgniter->startController()
#7 C:\xampp\htdocs\concoursvins\system\CodeIgniter.php(336): CodeIgniter\CodeIgniter->handleRequest(NULL, Object(Config\Cache), false)
#8 C:\xampp\htdocs\concoursvins\public\index.php(37): CodeIgniter\CodeIgniter->run()
#9 {main}
CRITICAL - 2021-12-13 07:58:32 --> Class 'App\Controllers\Ajax\Controller' not found
#0 C:\xampp\htdocs\concoursvins\system\Autoloader\Autoloader.php(300): include_once()
#1 C:\xampp\htdocs\concoursvins\system\Autoloader\Autoloader.php(273): CodeIgniter\Autoloader\Autoloader->includeFile('C:\\xampp\\htdocs...')
#2 C:\xampp\htdocs\concoursvins\system\Autoloader\Autoloader.php(247): CodeIgniter\Autoloader\Autoloader->loadInNamespace('App\\Controllers...')
#3 [internal function]: CodeIgniter\Autoloader\Autoloader->loadClass('App\\Controllers...')
#4 [internal function]: spl_autoload_call('App\\Controllers...')
#5 C:\xampp\htdocs\concoursvins\system\CodeIgniter.php(885): class_exists('\\App\\Controller...', true)
#6 C:\xampp\htdocs\concoursvins\system\CodeIgniter.php(421): CodeIgniter\CodeIgniter->startController()
#7 C:\xampp\htdocs\concoursvins\system\CodeIgniter.php(336): CodeIgniter\CodeIgniter->handleRequest(NULL, Object(Config\Cache), false)
#8 C:\xampp\htdocs\concoursvins\public\index.php(37): CodeIgniter\CodeIgniter->run()
#9 {main}
CRITICAL - 2021-12-13 08:03:54 --> Class 'App\Controllers\Ajax\Controller' not found
#0 C:\xampp\htdocs\concoursvins\system\Autoloader\Autoloader.php(300): include_once()
#1 C:\xampp\htdocs\concoursvins\system\Autoloader\Autoloader.php(273): CodeIgniter\Autoloader\Autoloader->includeFile('C:\\xampp\\htdocs...')
#2 C:\xampp\htdocs\concoursvins\system\Autoloader\Autoloader.php(247): CodeIgniter\Autoloader\Autoloader->loadInNamespace('App\\Controllers...')
#3 [internal function]: CodeIgniter\Autoloader\Autoloader->loadClass('App\\Controllers...')
#4 [internal function]: spl_autoload_call('App\\Controllers...')
#5 C:\xampp\htdocs\concoursvins\system\CodeIgniter.php(885): class_exists('\\App\\Controller...', true)
#6 C:\xampp\htdocs\concoursvins\system\CodeIgniter.php(421): CodeIgniter\CodeIgniter->startController()
#7 C:\xampp\htdocs\concoursvins\system\CodeIgniter.php(336): CodeIgniter\CodeIgniter->handleRequest(NULL, Object(Config\Cache), false)
#8 C:\xampp\htdocs\concoursvins\public\index.php(37): CodeIgniter\CodeIgniter->run()
#9 {main}
CRITICAL - 2021-12-13 08:04:26 --> Class 'App\Controllers\Ajax\Controller' not found
#0 C:\xampp\htdocs\concoursvins\system\Autoloader\Autoloader.php(300): include_once()
#1 C:\xampp\htdocs\concoursvins\system\Autoloader\Autoloader.php(273): CodeIgniter\Autoloader\Autoloader->includeFile('C:\\xampp\\htdocs...')
#2 C:\xampp\htdocs\concoursvins\system\Autoloader\Autoloader.php(247): CodeIgniter\Autoloader\Autoloader->loadInNamespace('App\\Controllers...')
#3 [internal function]: CodeIgniter\Autoloader\Autoloader->loadClass('App\\Controllers...')
#4 [internal function]: spl_autoload_call('App\\Controllers...')
#5 C:\xampp\htdocs\concoursvins\system\CodeIgniter.php(885): class_exists('\\App\\Controller...', true)
#6 C:\xampp\htdocs\concoursvins\system\CodeIgniter.php(421): CodeIgniter\CodeIgniter->startController()
#7 C:\xampp\htdocs\concoursvins\system\CodeIgniter.php(336): CodeIgniter\CodeIgniter->handleRequest(NULL, Object(Config\Cache), false)
#8 C:\xampp\htdocs\concoursvins\public\index.php(37): CodeIgniter\CodeIgniter->run()
#9 {main}
CRITICAL - 2021-12-13 08:05:08 --> Class 'App\Controllers\Ajax\Controller' not found
#0 C:\xampp\htdocs\concoursvins\system\Autoloader\Autoloader.php(300): include_once()
#1 C:\xampp\htdocs\concoursvins\system\Autoloader\Autoloader.php(273): CodeIgniter\Autoloader\Autoloader->includeFile('C:\\xampp\\htdocs...')
#2 C:\xampp\htdocs\concoursvins\system\Autoloader\Autoloader.php(247): CodeIgniter\Autoloader\Autoloader->loadInNamespace('App\\Controllers...')
#3 [internal function]: CodeIgniter\Autoloader\Autoloader->loadClass('App\\Controllers...')
#4 [internal function]: spl_autoload_call('App\\Controllers...')
#5 C:\xampp\htdocs\concoursvins\system\CodeIgniter.php(885): class_exists('\\App\\Controller...', true)
#6 C:\xampp\htdocs\concoursvins\system\CodeIgniter.php(421): CodeIgniter\CodeIgniter->startController()
#7 C:\xampp\htdocs\concoursvins\system\CodeIgniter.php(336): CodeIgniter\CodeIgniter->handleRequest(NULL, Object(Config\Cache), false)
#8 C:\xampp\htdocs\concoursvins\public\index.php(37): CodeIgniter\CodeIgniter->run()
#9 {main}
ERROR - 2021-12-13 08:19:55 --> Unknown column 'couleur' in 'field list'
CRITICAL - 2021-12-13 08:19:55 --> Unknown column 'couleur' in 'field list'
#0 C:\xampp\htdocs\concoursvins\system\Database\MySQLi\Connection.php(329): mysqli->query('SELECT `id`, `n...')
#1 C:\xampp\htdocs\concoursvins\system\Database\BaseConnection.php(732): CodeIgniter\Database\MySQLi\Connection->execute('SELECT `id`, `n...')
#2 C:\xampp\htdocs\concoursvins\system\Database\BaseConnection.php(647): CodeIgniter\Database\BaseConnection->simpleQuery('SELECT `id`, `n...')
#3 C:\xampp\htdocs\concoursvins\system\Database\BaseBuilder.php(1881): CodeIgniter\Database\BaseConnection->query('SELECT `id`, `n...', Array, false)
#4 C:\xampp\htdocs\concoursvins\app\Models\M_producteur.php(31): CodeIgniter\Database\BaseBuilder->get()
#5 C:\xampp\htdocs\concoursvins\app\Controllers\Jury\C_saisirNotes.php(21): App\Models\M_producteur->getListeProducteur()
#6 C:\xampp\htdocs\concoursvins\system\CodeIgniter.php(928): App\Controllers\Jury\C_saisirNotes->index()
#7 C:\xampp\htdocs\concoursvins\system\CodeIgniter.php(436): CodeIgniter\CodeIgniter->runController(Object(App\Controllers\Jury\C_saisirNotes))
#8 C:\xampp\htdocs\concoursvins\system\CodeIgniter.php(336): CodeIgniter\CodeIgniter->handleRequest(NULL, Object(Config\Cache), false)
#9 C:\xampp\htdocs\concoursvins\public\index.php(37): CodeIgniter\CodeIgniter->run()
#10 {main}
CRITICAL - 2021-12-13 09:25:02 --> Call to undefined function form_post()
#0 C:\xampp\htdocs\concoursvins\system\View\View.php(230): include()
#1 C:\xampp\htdocs\concoursvins\system\View\View.php(232): CodeIgniter\View\View->CodeIgniter\View\{closure}()
#2 C:\xampp\htdocs\concoursvins\system\Common.php(1271): CodeIgniter\View\View->render('pages/Jury/v_sa...', Array, true)
#3 C:\xampp\htdocs\concoursvins\app\Controllers\Jury\C_saisirNotes.php(26): view('pages/Jury/v_sa...', Array)
#4 C:\xampp\htdocs\concoursvins\system\CodeIgniter.php(928): App\Controllers\Jury\C_saisirNotes->index()
#5 C:\xampp\htdocs\concoursvins\system\CodeIgniter.php(436): CodeIgniter\CodeIgniter->runController(Object(App\Controllers\Jury\C_saisirNotes))
#6 C:\xampp\htdocs\concoursvins\system\CodeIgniter.php(336): CodeIgniter\CodeIgniter->handleRequest(NULL, Object(Config\Cache), false)
#7 C:\xampp\htdocs\concoursvins\public\index.php(37): CodeIgniter\CodeIgniter->run()
#8 {main}
CRITICAL - 2021-12-13 09:27:17 --> Undefined variable: att_btn
#0 C:\xampp\htdocs\concoursvins\app\Views\pages\Jury\v_saisirNotes.php(52): CodeIgniter\Debug\Exceptions->errorHandler(8, 'Undefined varia...', 'C:\\xampp\\htdocs...', 52, Array)
#1 C:\xampp\htdocs\concoursvins\system\View\View.php(230): include('C:\\xampp\\htdocs...')
#2 C:\xampp\htdocs\concoursvins\system\View\View.php(232): CodeIgniter\View\View->CodeIgniter\View\{closure}()
#3 C:\xampp\htdocs\concoursvins\system\Common.php(1271): CodeIgniter\View\View->render('pages/Jury/v_sa...', Array, true)
#4 C:\xampp\htdocs\concoursvins\app\Controllers\Jury\C_saisirNotes.php(26): view('pages/Jury/v_sa...', Array)
#5 C:\xampp\htdocs\concoursvins\system\CodeIgniter.php(928): App\Controllers\Jury\C_saisirNotes->index()
#6 C:\xampp\htdocs\concoursvins\system\CodeIgniter.php(436): CodeIgniter\CodeIgniter->runController(Object(App\Controllers\Jury\C_saisirNotes))
#7 C:\xampp\htdocs\concoursvins\system\CodeIgniter.php(336): CodeIgniter\CodeIgniter->handleRequest(NULL, Object(Config\Cache), false)
#8 C:\xampp\htdocs\concoursvins\public\index.php(37): CodeIgniter\CodeIgniter->run()
#9 {main}
