CRITICAL - 2021-11-22 03:42:59 --> auth filter must have a matching alias defined.
#0 C:\xampp\htdocs\concoursvins\system\Filters\Filters.php(373): CodeIgniter\Filters\Exceptions\FilterException::forNoAlias('auth')
#1 C:\xampp\htdocs\concoursvins\system\CodeIgniter.php(398): CodeIgniter\Filters\Filters->enableFilter('auth', 'before')
#2 C:\xampp\htdocs\concoursvins\system\CodeIgniter.php(336): CodeIgniter\CodeIgniter->handleRequest(NULL, Object(Config\Cache), false)
#3 C:\xampp\htdocs\concoursvins\public\index.php(37): CodeIgniter\CodeIgniter->run()
#4 {main}
CRITICAL - 2021-11-22 03:48:10 --> auth filter must have a matching alias defined.
#0 C:\xampp\htdocs\concoursvins\system\Filters\Filters.php(373): CodeIgniter\Filters\Exceptions\FilterException::forNoAlias('auth')
#1 C:\xampp\htdocs\concoursvins\system\CodeIgniter.php(398): CodeIgniter\Filters\Filters->enableFilter('auth', 'before')
#2 C:\xampp\htdocs\concoursvins\system\CodeIgniter.php(336): CodeIgniter\CodeIgniter->handleRequest(NULL, Object(Config\Cache), false)
#3 C:\xampp\htdocs\concoursvins\public\index.php(37): CodeIgniter\CodeIgniter->run()
#4 {main}
CRITICAL - 2021-11-22 03:50:02 --> auth filter must have a matching alias defined.
#0 C:\xampp\htdocs\concoursvins\system\Filters\Filters.php(373): CodeIgniter\Filters\Exceptions\FilterException::forNoAlias('auth')
#1 C:\xampp\htdocs\concoursvins\system\CodeIgniter.php(398): CodeIgniter\Filters\Filters->enableFilter('auth', 'before')
#2 C:\xampp\htdocs\concoursvins\system\CodeIgniter.php(336): CodeIgniter\CodeIgniter->handleRequest(NULL, Object(Config\Cache), false)
#3 C:\xampp\htdocs\concoursvins\public\index.php(37): CodeIgniter\CodeIgniter->run()
#4 {main}
CRITICAL - 2021-11-22 04:25:57 --> auth filter must have a matching alias defined.
#0 C:\xampp\htdocs\concoursvins\system\Filters\Filters.php(373): CodeIgniter\Filters\Exceptions\FilterException::forNoAlias('auth')
#1 C:\xampp\htdocs\concoursvins\system\CodeIgniter.php(398): CodeIgniter\Filters\Filters->enableFilter('auth', 'before')
#2 C:\xampp\htdocs\concoursvins\system\CodeIgniter.php(336): CodeIgniter\CodeIgniter->handleRequest(NULL, Object(Config\Cache), false)
#3 C:\xampp\htdocs\concoursvins\public\index.php(37): CodeIgniter\CodeIgniter->run()
#4 {main}
CRITICAL - 2021-11-22 07:26:01 --> Class 'App\Controllers\App\Controllers\BaseController' not found
#0 C:\xampp\htdocs\concoursvins\system\Autoloader\Autoloader.php(300): include_once()
#1 C:\xampp\htdocs\concoursvins\system\Autoloader\Autoloader.php(273): CodeIgniter\Autoloader\Autoloader->includeFile('C:\\xampp\\htdocs...')
#2 C:\xampp\htdocs\concoursvins\system\Autoloader\Autoloader.php(247): CodeIgniter\Autoloader\Autoloader->loadInNamespace('App\\Controllers...')
#3 [internal function]: CodeIgniter\Autoloader\Autoloader->loadClass('App\\Controllers...')
#4 [internal function]: spl_autoload_call('App\\Controllers...')
#5 C:\xampp\htdocs\concoursvins\system\CodeIgniter.php(885): class_exists('\\App\\Controller...', true)
#6 C:\xampp\htdocs\concoursvins\system\CodeIgniter.php(421): CodeIgniter\CodeIgniter->startController()
#7 C:\xampp\htdocs\concoursvins\system\CodeIgniter.php(336): CodeIgniter\CodeIgniter->handleRequest(NULL, Object(Config\Cache), false)
#8 C:\xampp\htdocs\concoursvins\public\index.php(37): CodeIgniter\CodeIgniter->run()
#9 {main}
CRITICAL - 2021-11-22 07:28:50 --> Class 'App\Controllers\App\Controllers\BaseController' not found
#0 C:\xampp\htdocs\concoursvins\system\Autoloader\Autoloader.php(300): include_once()
#1 C:\xampp\htdocs\concoursvins\system\Autoloader\Autoloader.php(273): CodeIgniter\Autoloader\Autoloader->includeFile('C:\\xampp\\htdocs...')
#2 C:\xampp\htdocs\concoursvins\system\Autoloader\Autoloader.php(247): CodeIgniter\Autoloader\Autoloader->loadInNamespace('App\\Controllers...')
#3 [internal function]: CodeIgniter\Autoloader\Autoloader->loadClass('App\\Controllers...')
#4 [internal function]: spl_autoload_call('App\\Controllers...')
#5 C:\xampp\htdocs\concoursvins\system\CodeIgniter.php(885): class_exists('\\App\\Controller...', true)
#6 C:\xampp\htdocs\concoursvins\system\CodeIgniter.php(421): CodeIgniter\CodeIgniter->startController()
#7 C:\xampp\htdocs\concoursvins\system\CodeIgniter.php(336): CodeIgniter\CodeIgniter->handleRequest(NULL, Object(Config\Cache), false)
#8 C:\xampp\htdocs\concoursvins\public\index.php(37): CodeIgniter\CodeIgniter->run()
#9 {main}
CRITICAL - 2021-11-22 07:35:42 --> Class 'App\Controllers\App\Controllers\BaseController' not found
#0 C:\xampp\htdocs\concoursvins\system\Autoloader\Autoloader.php(300): include_once()
#1 C:\xampp\htdocs\concoursvins\system\Autoloader\Autoloader.php(273): CodeIgniter\Autoloader\Autoloader->includeFile('C:\\xampp\\htdocs...')
#2 C:\xampp\htdocs\concoursvins\system\Autoloader\Autoloader.php(247): CodeIgniter\Autoloader\Autoloader->loadInNamespace('App\\Controllers...')
#3 [internal function]: CodeIgniter\Autoloader\Autoloader->loadClass('App\\Controllers...')
#4 [internal function]: spl_autoload_call('App\\Controllers...')
#5 C:\xampp\htdocs\concoursvins\system\CodeIgniter.php(885): class_exists('\\App\\Controller...', true)
#6 C:\xampp\htdocs\concoursvins\system\CodeIgniter.php(421): CodeIgniter\CodeIgniter->startController()
#7 C:\xampp\htdocs\concoursvins\system\CodeIgniter.php(336): CodeIgniter\CodeIgniter->handleRequest(NULL, Object(Config\Cache), false)
#8 C:\xampp\htdocs\concoursvins\public\index.php(37): CodeIgniter\CodeIgniter->run()
#9 {main}
CRITICAL - 2021-11-22 07:36:35 --> Class 'App\Controllers\App\Controllers\BaseController' not found
#0 C:\xampp\htdocs\concoursvins\system\Autoloader\Autoloader.php(300): include_once()
#1 C:\xampp\htdocs\concoursvins\system\Autoloader\Autoloader.php(273): CodeIgniter\Autoloader\Autoloader->includeFile('C:\\xampp\\htdocs...')
#2 C:\xampp\htdocs\concoursvins\system\Autoloader\Autoloader.php(247): CodeIgniter\Autoloader\Autoloader->loadInNamespace('App\\Controllers...')
#3 [internal function]: CodeIgniter\Autoloader\Autoloader->loadClass('App\\Controllers...')
#4 [internal function]: spl_autoload_call('App\\Controllers...')
#5 C:\xampp\htdocs\concoursvins\system\CodeIgniter.php(885): class_exists('\\App\\Controller...', true)
#6 C:\xampp\htdocs\concoursvins\system\CodeIgniter.php(421): CodeIgniter\CodeIgniter->startController()
#7 C:\xampp\htdocs\concoursvins\system\CodeIgniter.php(336): CodeIgniter\CodeIgniter->handleRequest(NULL, Object(Config\Cache), false)
#8 C:\xampp\htdocs\concoursvins\public\index.php(37): CodeIgniter\CodeIgniter->run()
#9 {main}
CRITICAL - 2021-11-22 07:37:35 --> Class 'App\Controllers\App\Controllers\BaseController' not found
#0 C:\xampp\htdocs\concoursvins\system\Autoloader\Autoloader.php(300): include_once()
#1 C:\xampp\htdocs\concoursvins\system\Autoloader\Autoloader.php(273): CodeIgniter\Autoloader\Autoloader->includeFile('C:\\xampp\\htdocs...')
#2 C:\xampp\htdocs\concoursvins\system\Autoloader\Autoloader.php(247): CodeIgniter\Autoloader\Autoloader->loadInNamespace('App\\Controllers...')
#3 [internal function]: CodeIgniter\Autoloader\Autoloader->loadClass('App\\Controllers...')
#4 [internal function]: spl_autoload_call('App\\Controllers...')
#5 C:\xampp\htdocs\concoursvins\system\CodeIgniter.php(885): class_exists('\\App\\Controller...', true)
#6 C:\xampp\htdocs\concoursvins\system\CodeIgniter.php(421): CodeIgniter\CodeIgniter->startController()
#7 C:\xampp\htdocs\concoursvins\system\CodeIgniter.php(336): CodeIgniter\CodeIgniter->handleRequest(NULL, Object(Config\Cache), false)
#8 C:\xampp\htdocs\concoursvins\public\index.php(37): CodeIgniter\CodeIgniter->run()
#9 {main}
CRITICAL - 2021-11-22 07:39:27 --> Class 'App\Controllers\App\Controllers\BaseController' not found
#0 C:\xampp\htdocs\concoursvins\system\Autoloader\Autoloader.php(300): include_once()
#1 C:\xampp\htdocs\concoursvins\system\Autoloader\Autoloader.php(273): CodeIgniter\Autoloader\Autoloader->includeFile('C:\\xampp\\htdocs...')
#2 C:\xampp\htdocs\concoursvins\system\Autoloader\Autoloader.php(247): CodeIgniter\Autoloader\Autoloader->loadInNamespace('App\\Controllers...')
#3 [internal function]: CodeIgniter\Autoloader\Autoloader->loadClass('App\\Controllers...')
#4 [internal function]: spl_autoload_call('App\\Controllers...')
#5 C:\xampp\htdocs\concoursvins\system\CodeIgniter.php(885): class_exists('\\App\\Controller...', true)
#6 C:\xampp\htdocs\concoursvins\system\CodeIgniter.php(421): CodeIgniter\CodeIgniter->startController()
#7 C:\xampp\htdocs\concoursvins\system\CodeIgniter.php(336): CodeIgniter\CodeIgniter->handleRequest(NULL, Object(Config\Cache), false)
#8 C:\xampp\htdocs\concoursvins\public\index.php(37): CodeIgniter\CodeIgniter->run()
#9 {main}
CRITICAL - 2021-11-22 07:41:56 --> Class 'App\Controllers\App\Controllers\BaseController' not found
#0 C:\xampp\htdocs\concoursvins\system\Autoloader\Autoloader.php(300): include_once()
#1 C:\xampp\htdocs\concoursvins\system\Autoloader\Autoloader.php(273): CodeIgniter\Autoloader\Autoloader->includeFile('C:\\xampp\\htdocs...')
#2 C:\xampp\htdocs\concoursvins\system\Autoloader\Autoloader.php(247): CodeIgniter\Autoloader\Autoloader->loadInNamespace('App\\Controllers...')
#3 [internal function]: CodeIgniter\Autoloader\Autoloader->loadClass('App\\Controllers...')
#4 [internal function]: spl_autoload_call('App\\Controllers...')
#5 C:\xampp\htdocs\concoursvins\system\CodeIgniter.php(885): class_exists('\\App\\Controller...', true)
#6 C:\xampp\htdocs\concoursvins\system\CodeIgniter.php(421): CodeIgniter\CodeIgniter->startController()
#7 C:\xampp\htdocs\concoursvins\system\CodeIgniter.php(336): CodeIgniter\CodeIgniter->handleRequest(NULL, Object(Config\Cache), false)
#8 C:\xampp\htdocs\concoursvins\public\index.php(37): CodeIgniter\CodeIgniter->run()
#9 {main}
CRITICAL - 2021-11-22 07:46:08 --> Class 'App\Controllers\App\Controllers\BaseController' not found
#0 C:\xampp\htdocs\concoursvins\system\Autoloader\Autoloader.php(300): include_once()
#1 C:\xampp\htdocs\concoursvins\system\Autoloader\Autoloader.php(273): CodeIgniter\Autoloader\Autoloader->includeFile('C:\\xampp\\htdocs...')
#2 C:\xampp\htdocs\concoursvins\system\Autoloader\Autoloader.php(247): CodeIgniter\Autoloader\Autoloader->loadInNamespace('App\\Controllers...')
#3 [internal function]: CodeIgniter\Autoloader\Autoloader->loadClass('App\\Controllers...')
#4 [internal function]: spl_autoload_call('App\\Controllers...')
#5 C:\xampp\htdocs\concoursvins\system\CodeIgniter.php(885): class_exists('\\App\\Controller...', true)
#6 C:\xampp\htdocs\concoursvins\system\CodeIgniter.php(421): CodeIgniter\CodeIgniter->startController()
#7 C:\xampp\htdocs\concoursvins\system\CodeIgniter.php(336): CodeIgniter\CodeIgniter->handleRequest(NULL, Object(Config\Cache), false)
#8 C:\xampp\htdocs\concoursvins\public\index.php(37): CodeIgniter\CodeIgniter->run()
#9 {main}
CRITICAL - 2021-11-22 07:46:26 --> Class 'App\Controllers\App\Controllers\BaseController' not found
#0 C:\xampp\htdocs\concoursvins\system\Autoloader\Autoloader.php(300): include_once()
#1 C:\xampp\htdocs\concoursvins\system\Autoloader\Autoloader.php(273): CodeIgniter\Autoloader\Autoloader->includeFile('C:\\xampp\\htdocs...')
#2 C:\xampp\htdocs\concoursvins\system\Autoloader\Autoloader.php(247): CodeIgniter\Autoloader\Autoloader->loadInNamespace('App\\Controllers...')
#3 [internal function]: CodeIgniter\Autoloader\Autoloader->loadClass('App\\Controllers...')
#4 [internal function]: spl_autoload_call('App\\Controllers...')
#5 C:\xampp\htdocs\concoursvins\system\CodeIgniter.php(885): class_exists('\\App\\Controller...', true)
#6 C:\xampp\htdocs\concoursvins\system\CodeIgniter.php(421): CodeIgniter\CodeIgniter->startController()
#7 C:\xampp\htdocs\concoursvins\system\CodeIgniter.php(336): CodeIgniter\CodeIgniter->handleRequest(NULL, Object(Config\Cache), false)
#8 C:\xampp\htdocs\concoursvins\public\index.php(37): CodeIgniter\CodeIgniter->run()
#9 {main}
CRITICAL - 2021-11-22 07:51:32 --> Class 'App\Controllers\App\Controllers\BaseController' not found
#0 C:\xampp\htdocs\concoursvins\system\Autoloader\Autoloader.php(300): include_once()
#1 C:\xampp\htdocs\concoursvins\system\Autoloader\Autoloader.php(273): CodeIgniter\Autoloader\Autoloader->includeFile('C:\\xampp\\htdocs...')
#2 C:\xampp\htdocs\concoursvins\system\Autoloader\Autoloader.php(247): CodeIgniter\Autoloader\Autoloader->loadInNamespace('App\\Controllers...')
#3 [internal function]: CodeIgniter\Autoloader\Autoloader->loadClass('App\\Controllers...')
#4 [internal function]: spl_autoload_call('App\\Controllers...')
#5 C:\xampp\htdocs\concoursvins\system\CodeIgniter.php(885): class_exists('\\App\\Controller...', true)
#6 C:\xampp\htdocs\concoursvins\system\CodeIgniter.php(421): CodeIgniter\CodeIgniter->startController()
#7 C:\xampp\htdocs\concoursvins\system\CodeIgniter.php(336): CodeIgniter\CodeIgniter->handleRequest(NULL, Object(Config\Cache), false)
#8 C:\xampp\htdocs\concoursvins\public\index.php(37): CodeIgniter\CodeIgniter->run()
#9 {main}
CRITICAL - 2021-11-22 07:56:19 --> Class 'App\Controllers\App\Controllers\BaseController' not found
#0 C:\xampp\htdocs\concoursvins\system\Autoloader\Autoloader.php(300): include_once()
#1 C:\xampp\htdocs\concoursvins\system\Autoloader\Autoloader.php(273): CodeIgniter\Autoloader\Autoloader->includeFile('C:\\xampp\\htdocs...')
#2 C:\xampp\htdocs\concoursvins\system\Autoloader\Autoloader.php(247): CodeIgniter\Autoloader\Autoloader->loadInNamespace('App\\Controllers...')
#3 [internal function]: CodeIgniter\Autoloader\Autoloader->loadClass('App\\Controllers...')
#4 [internal function]: spl_autoload_call('App\\Controllers...')
#5 C:\xampp\htdocs\concoursvins\system\CodeIgniter.php(885): class_exists('\\App\\Controller...', true)
#6 C:\xampp\htdocs\concoursvins\system\CodeIgniter.php(421): CodeIgniter\CodeIgniter->startController()
#7 C:\xampp\htdocs\concoursvins\system\CodeIgniter.php(336): CodeIgniter\CodeIgniter->handleRequest(NULL, Object(Config\Cache), false)
#8 C:\xampp\htdocs\concoursvins\public\index.php(37): CodeIgniter\CodeIgniter->run()
#9 {main}
CRITICAL - 2021-11-22 07:56:32 --> Class 'App\Controllers\App\Controllers\BaseController' not found
#0 C:\xampp\htdocs\concoursvins\system\Autoloader\Autoloader.php(300): include_once()
#1 C:\xampp\htdocs\concoursvins\system\Autoloader\Autoloader.php(273): CodeIgniter\Autoloader\Autoloader->includeFile('C:\\xampp\\htdocs...')
#2 C:\xampp\htdocs\concoursvins\system\Autoloader\Autoloader.php(247): CodeIgniter\Autoloader\Autoloader->loadInNamespace('App\\Controllers...')
#3 [internal function]: CodeIgniter\Autoloader\Autoloader->loadClass('App\\Controllers...')
#4 [internal function]: spl_autoload_call('App\\Controllers...')
#5 C:\xampp\htdocs\concoursvins\system\CodeIgniter.php(885): class_exists('\\App\\Controller...', true)
#6 C:\xampp\htdocs\concoursvins\system\CodeIgniter.php(421): CodeIgniter\CodeIgniter->startController()
#7 C:\xampp\htdocs\concoursvins\system\CodeIgniter.php(336): CodeIgniter\CodeIgniter->handleRequest(NULL, Object(Config\Cache), false)
#8 C:\xampp\htdocs\concoursvins\public\index.php(37): CodeIgniter\CodeIgniter->run()
#9 {main}
CRITICAL - 2021-11-22 07:56:42 --> Class 'App\Controllers\App\Controllers\BaseController' not found
#0 C:\xampp\htdocs\concoursvins\system\Autoloader\Autoloader.php(300): include_once()
#1 C:\xampp\htdocs\concoursvins\system\Autoloader\Autoloader.php(273): CodeIgniter\Autoloader\Autoloader->includeFile('C:\\xampp\\htdocs...')
#2 C:\xampp\htdocs\concoursvins\system\Autoloader\Autoloader.php(247): CodeIgniter\Autoloader\Autoloader->loadInNamespace('App\\Controllers...')
#3 [internal function]: CodeIgniter\Autoloader\Autoloader->loadClass('App\\Controllers...')
#4 [internal function]: spl_autoload_call('App\\Controllers...')
#5 C:\xampp\htdocs\concoursvins\system\CodeIgniter.php(885): class_exists('\\App\\Controller...', true)
#6 C:\xampp\htdocs\concoursvins\system\CodeIgniter.php(421): CodeIgniter\CodeIgniter->startController()
#7 C:\xampp\htdocs\concoursvins\system\CodeIgniter.php(336): CodeIgniter\CodeIgniter->handleRequest(NULL, Object(Config\Cache), false)
#8 C:\xampp\htdocs\concoursvins\public\index.php(37): CodeIgniter\CodeIgniter->run()
#9 {main}
CRITICAL - 2021-11-22 07:56:46 --> Class 'App\Controllers\App\Controllers\BaseController' not found
#0 C:\xampp\htdocs\concoursvins\system\Autoloader\Autoloader.php(300): include_once()
#1 C:\xampp\htdocs\concoursvins\system\Autoloader\Autoloader.php(273): CodeIgniter\Autoloader\Autoloader->includeFile('C:\\xampp\\htdocs...')
#2 C:\xampp\htdocs\concoursvins\system\Autoloader\Autoloader.php(247): CodeIgniter\Autoloader\Autoloader->loadInNamespace('App\\Controllers...')
#3 [internal function]: CodeIgniter\Autoloader\Autoloader->loadClass('App\\Controllers...')
#4 [internal function]: spl_autoload_call('App\\Controllers...')
#5 C:\xampp\htdocs\concoursvins\system\CodeIgniter.php(885): class_exists('\\App\\Controller...', true)
#6 C:\xampp\htdocs\concoursvins\system\CodeIgniter.php(421): CodeIgniter\CodeIgniter->startController()
#7 C:\xampp\htdocs\concoursvins\system\CodeIgniter.php(336): CodeIgniter\CodeIgniter->handleRequest(NULL, Object(Config\Cache), false)
#8 C:\xampp\htdocs\concoursvins\public\index.php(37): CodeIgniter\CodeIgniter->run()
#9 {main}
CRITICAL - 2021-11-22 07:57:23 --> auth filter must have a matching alias defined.
#0 C:\xampp\htdocs\concoursvins\system\Filters\Filters.php(373): CodeIgniter\Filters\Exceptions\FilterException::forNoAlias('auth')
#1 C:\xampp\htdocs\concoursvins\system\CodeIgniter.php(398): CodeIgniter\Filters\Filters->enableFilter('auth', 'before')
#2 C:\xampp\htdocs\concoursvins\system\CodeIgniter.php(336): CodeIgniter\CodeIgniter->handleRequest(NULL, Object(Config\Cache), false)
#3 C:\xampp\htdocs\concoursvins\public\index.php(37): CodeIgniter\CodeIgniter->run()
#4 {main}
CRITICAL - 2021-11-22 07:58:32 --> Class 'App\Controllers\App\Controllers\BaseController' not found
#0 C:\xampp\htdocs\concoursvins\system\Autoloader\Autoloader.php(300): include_once()
#1 C:\xampp\htdocs\concoursvins\system\Autoloader\Autoloader.php(273): CodeIgniter\Autoloader\Autoloader->includeFile('C:\\xampp\\htdocs...')
#2 C:\xampp\htdocs\concoursvins\system\Autoloader\Autoloader.php(247): CodeIgniter\Autoloader\Autoloader->loadInNamespace('App\\Controllers...')
#3 [internal function]: CodeIgniter\Autoloader\Autoloader->loadClass('App\\Controllers...')
#4 [internal function]: spl_autoload_call('App\\Controllers...')
#5 C:\xampp\htdocs\concoursvins\system\CodeIgniter.php(885): class_exists('\\App\\Controller...', true)
#6 C:\xampp\htdocs\concoursvins\system\CodeIgniter.php(421): CodeIgniter\CodeIgniter->startController()
#7 C:\xampp\htdocs\concoursvins\system\CodeIgniter.php(336): CodeIgniter\CodeIgniter->handleRequest(NULL, Object(Config\Cache), false)
#8 C:\xampp\htdocs\concoursvins\public\index.php(37): CodeIgniter\CodeIgniter->run()
#9 {main}
CRITICAL - 2021-11-22 08:03:04 --> Class 'App\Controllers\App\Controllers\BaseController' not found
#0 C:\xampp\htdocs\concoursvins\system\Autoloader\Autoloader.php(300): include_once()
#1 C:\xampp\htdocs\concoursvins\system\Autoloader\Autoloader.php(273): CodeIgniter\Autoloader\Autoloader->includeFile('C:\\xampp\\htdocs...')
#2 C:\xampp\htdocs\concoursvins\system\Autoloader\Autoloader.php(247): CodeIgniter\Autoloader\Autoloader->loadInNamespace('App\\Controllers...')
#3 [internal function]: CodeIgniter\Autoloader\Autoloader->loadClass('App\\Controllers...')
#4 [internal function]: spl_autoload_call('App\\Controllers...')
#5 C:\xampp\htdocs\concoursvins\system\CodeIgniter.php(885): class_exists('\\App\\Controller...', true)
#6 C:\xampp\htdocs\concoursvins\system\CodeIgniter.php(421): CodeIgniter\CodeIgniter->startController()
#7 C:\xampp\htdocs\concoursvins\system\CodeIgniter.php(336): CodeIgniter\CodeIgniter->handleRequest(NULL, Object(Config\Cache), false)
#8 C:\xampp\htdocs\concoursvins\public\index.php(37): CodeIgniter\CodeIgniter->run()
#9 {main}
CRITICAL - 2021-11-22 08:03:13 --> Class 'App\Controllers\App\Controllers\BaseController' not found
#0 C:\xampp\htdocs\concoursvins\system\Autoloader\Autoloader.php(300): include_once()
#1 C:\xampp\htdocs\concoursvins\system\Autoloader\Autoloader.php(273): CodeIgniter\Autoloader\Autoloader->includeFile('C:\\xampp\\htdocs...')
#2 C:\xampp\htdocs\concoursvins\system\Autoloader\Autoloader.php(247): CodeIgniter\Autoloader\Autoloader->loadInNamespace('App\\Controllers...')
#3 [internal function]: CodeIgniter\Autoloader\Autoloader->loadClass('App\\Controllers...')
#4 [internal function]: spl_autoload_call('App\\Controllers...')
#5 C:\xampp\htdocs\concoursvins\system\CodeIgniter.php(885): class_exists('\\App\\Controller...', true)
#6 C:\xampp\htdocs\concoursvins\system\CodeIgniter.php(421): CodeIgniter\CodeIgniter->startController()
#7 C:\xampp\htdocs\concoursvins\system\CodeIgniter.php(336): CodeIgniter\CodeIgniter->handleRequest(NULL, Object(Config\Cache), false)
#8 C:\xampp\htdocs\concoursvins\public\index.php(37): CodeIgniter\CodeIgniter->run()
#9 {main}
CRITICAL - 2021-11-22 08:06:13 --> Class 'App\Controllers\App\Controllers\BaseController' not found
#0 C:\xampp\htdocs\concoursvins\system\Autoloader\Autoloader.php(300): include_once()
#1 C:\xampp\htdocs\concoursvins\system\Autoloader\Autoloader.php(273): CodeIgniter\Autoloader\Autoloader->includeFile('C:\\xampp\\htdocs...')
#2 C:\xampp\htdocs\concoursvins\system\Autoloader\Autoloader.php(247): CodeIgniter\Autoloader\Autoloader->loadInNamespace('App\\Controllers...')
#3 [internal function]: CodeIgniter\Autoloader\Autoloader->loadClass('App\\Controllers...')
#4 [internal function]: spl_autoload_call('App\\Controllers...')
#5 C:\xampp\htdocs\concoursvins\system\CodeIgniter.php(885): class_exists('\\App\\Controller...', true)
#6 C:\xampp\htdocs\concoursvins\system\CodeIgniter.php(421): CodeIgniter\CodeIgniter->startController()
#7 C:\xampp\htdocs\concoursvins\system\CodeIgniter.php(336): CodeIgniter\CodeIgniter->handleRequest(NULL, Object(Config\Cache), false)
#8 C:\xampp\htdocs\concoursvins\public\index.php(37): CodeIgniter\CodeIgniter->run()
#9 {main}
CRITICAL - 2021-11-22 08:06:41 --> Class 'App\Controllers\App\Controllers\BaseController' not found
#0 C:\xampp\htdocs\concoursvins\system\Autoloader\Autoloader.php(300): include_once()
#1 C:\xampp\htdocs\concoursvins\system\Autoloader\Autoloader.php(273): CodeIgniter\Autoloader\Autoloader->includeFile('C:\\xampp\\htdocs...')
#2 C:\xampp\htdocs\concoursvins\system\Autoloader\Autoloader.php(247): CodeIgniter\Autoloader\Autoloader->loadInNamespace('App\\Controllers...')
#3 [internal function]: CodeIgniter\Autoloader\Autoloader->loadClass('App\\Controllers...')
#4 [internal function]: spl_autoload_call('App\\Controllers...')
#5 C:\xampp\htdocs\concoursvins\system\CodeIgniter.php(885): class_exists('\\App\\Controller...', true)
#6 C:\xampp\htdocs\concoursvins\system\CodeIgniter.php(421): CodeIgniter\CodeIgniter->startController()
#7 C:\xampp\htdocs\concoursvins\system\CodeIgniter.php(336): CodeIgniter\CodeIgniter->handleRequest(NULL, Object(Config\Cache), false)
#8 C:\xampp\htdocs\concoursvins\public\index.php(37): CodeIgniter\CodeIgniter->run()
#9 {main}
CRITICAL - 2021-11-22 08:07:25 --> Class 'App\Controllers\App\Controllers\BaseController' not found
#0 C:\xampp\htdocs\concoursvins\system\Autoloader\Autoloader.php(300): include_once()
#1 C:\xampp\htdocs\concoursvins\system\Autoloader\Autoloader.php(273): CodeIgniter\Autoloader\Autoloader->includeFile('C:\\xampp\\htdocs...')
#2 C:\xampp\htdocs\concoursvins\system\Autoloader\Autoloader.php(247): CodeIgniter\Autoloader\Autoloader->loadInNamespace('App\\Controllers...')
#3 [internal function]: CodeIgniter\Autoloader\Autoloader->loadClass('App\\Controllers...')
#4 [internal function]: spl_autoload_call('App\\Controllers...')
#5 C:\xampp\htdocs\concoursvins\system\CodeIgniter.php(885): class_exists('\\App\\Controller...', true)
#6 C:\xampp\htdocs\concoursvins\system\CodeIgniter.php(421): CodeIgniter\CodeIgniter->startController()
#7 C:\xampp\htdocs\concoursvins\system\CodeIgniter.php(336): CodeIgniter\CodeIgniter->handleRequest(NULL, Object(Config\Cache), false)
#8 C:\xampp\htdocs\concoursvins\public\index.php(37): CodeIgniter\CodeIgniter->run()
#9 {main}
CRITICAL - 2021-11-22 08:22:55 --> Class 'App\Controllers\Jury\BaseController' not found
#0 C:\xampp\htdocs\concoursvins\system\Autoloader\Autoloader.php(300): include_once()
#1 C:\xampp\htdocs\concoursvins\system\Autoloader\Autoloader.php(273): CodeIgniter\Autoloader\Autoloader->includeFile('C:\\xampp\\htdocs...')
#2 C:\xampp\htdocs\concoursvins\system\Autoloader\Autoloader.php(247): CodeIgniter\Autoloader\Autoloader->loadInNamespace('App\\Controllers...')
#3 [internal function]: CodeIgniter\Autoloader\Autoloader->loadClass('App\\Controllers...')
#4 [internal function]: spl_autoload_call('App\\Controllers...')
#5 C:\xampp\htdocs\concoursvins\system\CodeIgniter.php(885): class_exists('\\App\\Controller...', true)
#6 C:\xampp\htdocs\concoursvins\system\CodeIgniter.php(421): CodeIgniter\CodeIgniter->startController()
#7 C:\xampp\htdocs\concoursvins\system\CodeIgniter.php(336): CodeIgniter\CodeIgniter->handleRequest(NULL, Object(Config\Cache), false)
#8 C:\xampp\htdocs\concoursvins\public\index.php(37): CodeIgniter\CodeIgniter->run()
#9 {main}
CRITICAL - 2021-11-22 08:23:17 --> Class 'App\Controllers\Jury\BaseController' not found
#0 C:\xampp\htdocs\concoursvins\system\Autoloader\Autoloader.php(300): include_once()
#1 C:\xampp\htdocs\concoursvins\system\Autoloader\Autoloader.php(273): CodeIgniter\Autoloader\Autoloader->includeFile('C:\\xampp\\htdocs...')
#2 C:\xampp\htdocs\concoursvins\system\Autoloader\Autoloader.php(247): CodeIgniter\Autoloader\Autoloader->loadInNamespace('App\\Controllers...')
#3 [internal function]: CodeIgniter\Autoloader\Autoloader->loadClass('App\\Controllers...')
#4 [internal function]: spl_autoload_call('App\\Controllers...')
#5 C:\xampp\htdocs\concoursvins\system\CodeIgniter.php(885): class_exists('\\App\\Controller...', true)
#6 C:\xampp\htdocs\concoursvins\system\CodeIgniter.php(421): CodeIgniter\CodeIgniter->startController()
#7 C:\xampp\htdocs\concoursvins\system\CodeIgniter.php(336): CodeIgniter\CodeIgniter->handleRequest(NULL, Object(Config\Cache), false)
#8 C:\xampp\htdocs\concoursvins\public\index.php(37): CodeIgniter\CodeIgniter->run()
#9 {main}
CRITICAL - 2021-11-22 08:24:27 --> Class 'App\Controllers\Jury\BaseController' not found
#0 C:\xampp\htdocs\concoursvins\system\Autoloader\Autoloader.php(300): include_once()
#1 C:\xampp\htdocs\concoursvins\system\Autoloader\Autoloader.php(273): CodeIgniter\Autoloader\Autoloader->includeFile('C:\\xampp\\htdocs...')
#2 C:\xampp\htdocs\concoursvins\system\Autoloader\Autoloader.php(247): CodeIgniter\Autoloader\Autoloader->loadInNamespace('App\\Controllers...')
#3 [internal function]: CodeIgniter\Autoloader\Autoloader->loadClass('App\\Controllers...')
#4 [internal function]: spl_autoload_call('App\\Controllers...')
#5 C:\xampp\htdocs\concoursvins\system\CodeIgniter.php(885): class_exists('\\App\\Controller...', true)
#6 C:\xampp\htdocs\concoursvins\system\CodeIgniter.php(421): CodeIgniter\CodeIgniter->startController()
#7 C:\xampp\htdocs\concoursvins\system\CodeIgniter.php(336): CodeIgniter\CodeIgniter->handleRequest(NULL, Object(Config\Cache), false)
#8 C:\xampp\htdocs\concoursvins\public\index.php(37): CodeIgniter\CodeIgniter->run()
#9 {main}
CRITICAL - 2021-11-22 08:28:23 --> Class 'App\Controllers\Jury\BaseController' not found
#0 C:\xampp\htdocs\concoursvins\system\Autoloader\Autoloader.php(300): include_once()
#1 C:\xampp\htdocs\concoursvins\system\Autoloader\Autoloader.php(273): CodeIgniter\Autoloader\Autoloader->includeFile('C:\\xampp\\htdocs...')
#2 C:\xampp\htdocs\concoursvins\system\Autoloader\Autoloader.php(247): CodeIgniter\Autoloader\Autoloader->loadInNamespace('App\\Controllers...')
#3 [internal function]: CodeIgniter\Autoloader\Autoloader->loadClass('App\\Controllers...')
#4 [internal function]: spl_autoload_call('App\\Controllers...')
#5 C:\xampp\htdocs\concoursvins\system\CodeIgniter.php(885): class_exists('\\App\\Controller...', true)
#6 C:\xampp\htdocs\concoursvins\system\CodeIgniter.php(421): CodeIgniter\CodeIgniter->startController()
#7 C:\xampp\htdocs\concoursvins\system\CodeIgniter.php(336): CodeIgniter\CodeIgniter->handleRequest(NULL, Object(Config\Cache), false)
#8 C:\xampp\htdocs\concoursvins\public\index.php(37): CodeIgniter\CodeIgniter->run()
#9 {main}
CRITICAL - 2021-11-22 08:33:44 --> Class 'App\Controllers\Jury\BaseController' not found
#0 C:\xampp\htdocs\concoursvins\system\Autoloader\Autoloader.php(300): include_once()
#1 C:\xampp\htdocs\concoursvins\system\Autoloader\Autoloader.php(273): CodeIgniter\Autoloader\Autoloader->includeFile('C:\\xampp\\htdocs...')
#2 C:\xampp\htdocs\concoursvins\system\Autoloader\Autoloader.php(247): CodeIgniter\Autoloader\Autoloader->loadInNamespace('App\\Controllers...')
#3 [internal function]: CodeIgniter\Autoloader\Autoloader->loadClass('App\\Controllers...')
#4 [internal function]: spl_autoload_call('App\\Controllers...')
#5 C:\xampp\htdocs\concoursvins\system\CodeIgniter.php(885): class_exists('\\App\\Controller...', true)
#6 C:\xampp\htdocs\concoursvins\system\CodeIgniter.php(421): CodeIgniter\CodeIgniter->startController()
#7 C:\xampp\htdocs\concoursvins\system\CodeIgniter.php(336): CodeIgniter\CodeIgniter->handleRequest(NULL, Object(Config\Cache), false)
#8 C:\xampp\htdocs\concoursvins\public\index.php(37): CodeIgniter\CodeIgniter->run()
#9 {main}
CRITICAL - 2021-11-22 08:34:09 --> Class 'App\Controllers\Jury\BaseController' not found
#0 C:\xampp\htdocs\concoursvins\system\Autoloader\Autoloader.php(300): include_once()
#1 C:\xampp\htdocs\concoursvins\system\Autoloader\Autoloader.php(273): CodeIgniter\Autoloader\Autoloader->includeFile('C:\\xampp\\htdocs...')
#2 C:\xampp\htdocs\concoursvins\system\Autoloader\Autoloader.php(247): CodeIgniter\Autoloader\Autoloader->loadInNamespace('App\\Controllers...')
#3 [internal function]: CodeIgniter\Autoloader\Autoloader->loadClass('App\\Controllers...')
#4 [internal function]: spl_autoload_call('App\\Controllers...')
#5 C:\xampp\htdocs\concoursvins\system\CodeIgniter.php(885): class_exists('\\App\\Controller...', true)
#6 C:\xampp\htdocs\concoursvins\system\CodeIgniter.php(421): CodeIgniter\CodeIgniter->startController()
#7 C:\xampp\htdocs\concoursvins\system\CodeIgniter.php(336): CodeIgniter\CodeIgniter->handleRequest(NULL, Object(Config\Cache), false)
#8 C:\xampp\htdocs\concoursvins\public\index.php(37): CodeIgniter\CodeIgniter->run()
#9 {main}
CRITICAL - 2021-11-22 08:34:42 --> Class 'App\Controllers\Jury\BaseController' not found
#0 C:\xampp\htdocs\concoursvins\system\Autoloader\Autoloader.php(300): include_once()
#1 C:\xampp\htdocs\concoursvins\system\Autoloader\Autoloader.php(273): CodeIgniter\Autoloader\Autoloader->includeFile('C:\\xampp\\htdocs...')
#2 C:\xampp\htdocs\concoursvins\system\Autoloader\Autoloader.php(247): CodeIgniter\Autoloader\Autoloader->loadInNamespace('App\\Controllers...')
#3 [internal function]: CodeIgniter\Autoloader\Autoloader->loadClass('App\\Controllers...')
#4 [internal function]: spl_autoload_call('App\\Controllers...')
#5 C:\xampp\htdocs\concoursvins\system\CodeIgniter.php(885): class_exists('\\App\\Controller...', true)
#6 C:\xampp\htdocs\concoursvins\system\CodeIgniter.php(421): CodeIgniter\CodeIgniter->startController()
#7 C:\xampp\htdocs\concoursvins\system\CodeIgniter.php(336): CodeIgniter\CodeIgniter->handleRequest(NULL, Object(Config\Cache), false)
#8 C:\xampp\htdocs\concoursvins\public\index.php(37): CodeIgniter\CodeIgniter->run()
#9 {main}
CRITICAL - 2021-11-22 09:05:51 --> Class 'App\Controllers\Jury\BaseController' not found
#0 C:\xampp\htdocs\concoursvins\system\Autoloader\Autoloader.php(300): include_once()
#1 C:\xampp\htdocs\concoursvins\system\Autoloader\Autoloader.php(273): CodeIgniter\Autoloader\Autoloader->includeFile('C:\\xampp\\htdocs...')
#2 C:\xampp\htdocs\concoursvins\system\Autoloader\Autoloader.php(247): CodeIgniter\Autoloader\Autoloader->loadInNamespace('App\\Controllers...')
#3 [internal function]: CodeIgniter\Autoloader\Autoloader->loadClass('App\\Controllers...')
#4 [internal function]: spl_autoload_call('App\\Controllers...')
#5 C:\xampp\htdocs\concoursvins\system\CodeIgniter.php(885): class_exists('\\App\\Controller...', true)
#6 C:\xampp\htdocs\concoursvins\system\CodeIgniter.php(421): CodeIgniter\CodeIgniter->startController()
#7 C:\xampp\htdocs\concoursvins\system\CodeIgniter.php(336): CodeIgniter\CodeIgniter->handleRequest(NULL, Object(Config\Cache), false)
#8 C:\xampp\htdocs\concoursvins\public\index.php(37): CodeIgniter\CodeIgniter->run()
#9 {main}
CRITICAL - 2021-11-22 09:35:40 --> Class 'App\Controllers\Jury\BaseController' not found
#0 C:\xampp\htdocs\concoursvins\system\Autoloader\Autoloader.php(300): include_once()
#1 C:\xampp\htdocs\concoursvins\system\Autoloader\Autoloader.php(273): CodeIgniter\Autoloader\Autoloader->includeFile('C:\\xampp\\htdocs...')
#2 C:\xampp\htdocs\concoursvins\system\Autoloader\Autoloader.php(247): CodeIgniter\Autoloader\Autoloader->loadInNamespace('App\\Controllers...')
#3 [internal function]: CodeIgniter\Autoloader\Autoloader->loadClass('App\\Controllers...')
#4 [internal function]: spl_autoload_call('App\\Controllers...')
#5 C:\xampp\htdocs\concoursvins\system\CodeIgniter.php(885): class_exists('\\App\\Controller...', true)
#6 C:\xampp\htdocs\concoursvins\system\CodeIgniter.php(421): CodeIgniter\CodeIgniter->startController()
#7 C:\xampp\htdocs\concoursvins\system\CodeIgniter.php(336): CodeIgniter\CodeIgniter->handleRequest(NULL, Object(Config\Cache), false)
#8 C:\xampp\htdocs\concoursvins\public\index.php(37): CodeIgniter\CodeIgniter->run()
#9 {main}
CRITICAL - 2021-11-22 09:35:48 --> Class 'App\Controllers\Jury\BaseController' not found
#0 C:\xampp\htdocs\concoursvins\system\Autoloader\Autoloader.php(300): include_once()
#1 C:\xampp\htdocs\concoursvins\system\Autoloader\Autoloader.php(273): CodeIgniter\Autoloader\Autoloader->includeFile('C:\\xampp\\htdocs...')
#2 C:\xampp\htdocs\concoursvins\system\Autoloader\Autoloader.php(247): CodeIgniter\Autoloader\Autoloader->loadInNamespace('App\\Controllers...')
#3 [internal function]: CodeIgniter\Autoloader\Autoloader->loadClass('App\\Controllers...')
#4 [internal function]: spl_autoload_call('App\\Controllers...')
#5 C:\xampp\htdocs\concoursvins\system\CodeIgniter.php(885): class_exists('\\App\\Controller...', true)
#6 C:\xampp\htdocs\concoursvins\system\CodeIgniter.php(421): CodeIgniter\CodeIgniter->startController()
#7 C:\xampp\htdocs\concoursvins\system\CodeIgniter.php(336): CodeIgniter\CodeIgniter->handleRequest(NULL, Object(Config\Cache), false)
#8 C:\xampp\htdocs\concoursvins\public\index.php(37): CodeIgniter\CodeIgniter->run()
#9 {main}
CRITICAL - 2021-11-22 10:32:10 --> Class 'App\Controllers\Ajax\Controller' not found
#0 C:\xampp\htdocs\concoursvins\system\Autoloader\Autoloader.php(300): include_once()
#1 C:\xampp\htdocs\concoursvins\system\Autoloader\Autoloader.php(273): CodeIgniter\Autoloader\Autoloader->includeFile('C:\\xampp\\htdocs...')
#2 C:\xampp\htdocs\concoursvins\system\Autoloader\Autoloader.php(247): CodeIgniter\Autoloader\Autoloader->loadInNamespace('App\\Controllers...')
#3 [internal function]: CodeIgniter\Autoloader\Autoloader->loadClass('App\\Controllers...')
#4 [internal function]: spl_autoload_call('App\\Controllers...')
#5 C:\xampp\htdocs\concoursvins\system\CodeIgniter.php(885): class_exists('\\App\\Controller...', true)
#6 C:\xampp\htdocs\concoursvins\system\CodeIgniter.php(421): CodeIgniter\CodeIgniter->startController()
#7 C:\xampp\htdocs\concoursvins\system\CodeIgniter.php(336): CodeIgniter\CodeIgniter->handleRequest(NULL, Object(Config\Cache), false)
#8 C:\xampp\htdocs\concoursvins\public\index.php(37): CodeIgniter\CodeIgniter->run()
#9 {main}
CRITICAL - 2021-11-22 10:35:05 --> Class 'App\Controllers\Ajax\Controller' not found
#0 C:\xampp\htdocs\concoursvins\system\Autoloader\Autoloader.php(300): include_once()
#1 C:\xampp\htdocs\concoursvins\system\Autoloader\Autoloader.php(273): CodeIgniter\Autoloader\Autoloader->includeFile('C:\\xampp\\htdocs...')
#2 C:\xampp\htdocs\concoursvins\system\Autoloader\Autoloader.php(247): CodeIgniter\Autoloader\Autoloader->loadInNamespace('App\\Controllers...')
#3 [internal function]: CodeIgniter\Autoloader\Autoloader->loadClass('App\\Controllers...')
#4 [internal function]: spl_autoload_call('App\\Controllers...')
#5 C:\xampp\htdocs\concoursvins\system\CodeIgniter.php(885): class_exists('\\App\\Controller...', true)
#6 C:\xampp\htdocs\concoursvins\system\CodeIgniter.php(421): CodeIgniter\CodeIgniter->startController()
#7 C:\xampp\htdocs\concoursvins\system\CodeIgniter.php(336): CodeIgniter\CodeIgniter->handleRequest(NULL, Object(Config\Cache), false)
#8 C:\xampp\htdocs\concoursvins\public\index.php(37): CodeIgniter\CodeIgniter->run()
#9 {main}
