CRITICAL - 2021-11-29 06:43:09 --> Class 'App\Controllers\Ajax\Controller' not found
#0 C:\xampp\htdocs\concoursvins\system\Autoloader\Autoloader.php(300): include_once()
#1 C:\xampp\htdocs\concoursvins\system\Autoloader\Autoloader.php(273): CodeIgniter\Autoloader\Autoloader->includeFile('C:\\xampp\\htdocs...')
#2 C:\xampp\htdocs\concoursvins\system\Autoloader\Autoloader.php(247): CodeIgniter\Autoloader\Autoloader->loadInNamespace('App\\Controllers...')
#3 [internal function]: CodeIgniter\Autoloader\Autoloader->loadClass('App\\Controllers...')
#4 [internal function]: spl_autoload_call('App\\Controllers...')
#5 C:\xampp\htdocs\concoursvins\system\CodeIgniter.php(885): class_exists('\\App\\Controller...', true)
#6 C:\xampp\htdocs\concoursvins\system\CodeIgniter.php(421): CodeIgniter\CodeIgniter->startController()
#7 C:\xampp\htdocs\concoursvins\system\CodeIgniter.php(336): CodeIgniter\CodeIgniter->handleRequest(NULL, Object(Config\Cache), false)
#8 C:\xampp\htdocs\concoursvins\public\index.php(37): CodeIgniter\CodeIgniter->run()
#9 {main}
CRITICAL - 2021-11-29 06:43:14 --> Class 'App\Controllers\Ajax\Controller' not found
#0 C:\xampp\htdocs\concoursvins\system\Autoloader\Autoloader.php(300): include_once()
#1 C:\xampp\htdocs\concoursvins\system\Autoloader\Autoloader.php(273): CodeIgniter\Autoloader\Autoloader->includeFile('C:\\xampp\\htdocs...')
#2 C:\xampp\htdocs\concoursvins\system\Autoloader\Autoloader.php(247): CodeIgniter\Autoloader\Autoloader->loadInNamespace('App\\Controllers...')
#3 [internal function]: CodeIgniter\Autoloader\Autoloader->loadClass('App\\Controllers...')
#4 [internal function]: spl_autoload_call('App\\Controllers...')
#5 C:\xampp\htdocs\concoursvins\system\CodeIgniter.php(885): class_exists('\\App\\Controller...', true)
#6 C:\xampp\htdocs\concoursvins\system\CodeIgniter.php(421): CodeIgniter\CodeIgniter->startController()
#7 C:\xampp\htdocs\concoursvins\system\CodeIgniter.php(336): CodeIgniter\CodeIgniter->handleRequest(NULL, Object(Config\Cache), false)
#8 C:\xampp\htdocs\concoursvins\public\index.php(37): CodeIgniter\CodeIgniter->run()
#9 {main}
CRITICAL - 2021-11-29 06:45:37 --> syntax error, unexpected '}', expecting ';' or ','
#0 C:\xampp\htdocs\concoursvins\system\Autoloader\Autoloader.php(273): CodeIgniter\Autoloader\Autoloader->includeFile('C:\\xampp\\htdocs...')
#1 C:\xampp\htdocs\concoursvins\system\Autoloader\Autoloader.php(247): CodeIgniter\Autoloader\Autoloader->loadInNamespace('App\\Controllers...')
#2 [internal function]: CodeIgniter\Autoloader\Autoloader->loadClass('App\\Controllers...')
#3 [internal function]: spl_autoload_call('App\\Controllers...')
#4 C:\xampp\htdocs\concoursvins\system\CodeIgniter.php(885): class_exists('\\App\\Controller...', true)
#5 C:\xampp\htdocs\concoursvins\system\CodeIgniter.php(421): CodeIgniter\CodeIgniter->startController()
#6 C:\xampp\htdocs\concoursvins\system\CodeIgniter.php(336): CodeIgniter\CodeIgniter->handleRequest(NULL, Object(Config\Cache), false)
#7 C:\xampp\htdocs\concoursvins\public\index.php(37): CodeIgniter\CodeIgniter->run()
#8 {main}
CRITICAL - 2021-11-29 06:52:49 --> Class 'App\Controllers\Ajax\Controller' not found
#0 C:\xampp\htdocs\concoursvins\system\Autoloader\Autoloader.php(300): include_once()
#1 C:\xampp\htdocs\concoursvins\system\Autoloader\Autoloader.php(273): CodeIgniter\Autoloader\Autoloader->includeFile('C:\\xampp\\htdocs...')
#2 C:\xampp\htdocs\concoursvins\system\Autoloader\Autoloader.php(247): CodeIgniter\Autoloader\Autoloader->loadInNamespace('App\\Controllers...')
#3 [internal function]: CodeIgniter\Autoloader\Autoloader->loadClass('App\\Controllers...')
#4 [internal function]: spl_autoload_call('App\\Controllers...')
#5 C:\xampp\htdocs\concoursvins\system\CodeIgniter.php(885): class_exists('\\App\\Controller...', true)
#6 C:\xampp\htdocs\concoursvins\system\CodeIgniter.php(421): CodeIgniter\CodeIgniter->startController()
#7 C:\xampp\htdocs\concoursvins\system\CodeIgniter.php(336): CodeIgniter\CodeIgniter->handleRequest(NULL, Object(Config\Cache), false)
#8 C:\xampp\htdocs\concoursvins\public\index.php(37): CodeIgniter\CodeIgniter->run()
#9 {main}
CRITICAL - 2021-11-29 07:01:14 --> Class 'App\Controllers\Ajax\Controller' not found
#0 C:\xampp\htdocs\concoursvins\system\Autoloader\Autoloader.php(300): include_once()
#1 C:\xampp\htdocs\concoursvins\system\Autoloader\Autoloader.php(273): CodeIgniter\Autoloader\Autoloader->includeFile('C:\\xampp\\htdocs...')
#2 C:\xampp\htdocs\concoursvins\system\Autoloader\Autoloader.php(247): CodeIgniter\Autoloader\Autoloader->loadInNamespace('App\\Controllers...')
#3 [internal function]: CodeIgniter\Autoloader\Autoloader->loadClass('App\\Controllers...')
#4 [internal function]: spl_autoload_call('App\\Controllers...')
#5 C:\xampp\htdocs\concoursvins\system\CodeIgniter.php(885): class_exists('\\App\\Controller...', true)
#6 C:\xampp\htdocs\concoursvins\system\CodeIgniter.php(421): CodeIgniter\CodeIgniter->startController()
#7 C:\xampp\htdocs\concoursvins\system\CodeIgniter.php(336): CodeIgniter\CodeIgniter->handleRequest(NULL, Object(Config\Cache), false)
#8 C:\xampp\htdocs\concoursvins\public\index.php(37): CodeIgniter\CodeIgniter->run()
#9 {main}
CRITICAL - 2021-11-29 07:01:41 --> Class 'App\Controllers\Ajax\Controller' not found
#0 C:\xampp\htdocs\concoursvins\system\Autoloader\Autoloader.php(300): include_once()
#1 C:\xampp\htdocs\concoursvins\system\Autoloader\Autoloader.php(273): CodeIgniter\Autoloader\Autoloader->includeFile('C:\\xampp\\htdocs...')
#2 C:\xampp\htdocs\concoursvins\system\Autoloader\Autoloader.php(247): CodeIgniter\Autoloader\Autoloader->loadInNamespace('App\\Controllers...')
#3 [internal function]: CodeIgniter\Autoloader\Autoloader->loadClass('App\\Controllers...')
#4 [internal function]: spl_autoload_call('App\\Controllers...')
#5 C:\xampp\htdocs\concoursvins\system\CodeIgniter.php(885): class_exists('\\App\\Controller...', true)
#6 C:\xampp\htdocs\concoursvins\system\CodeIgniter.php(421): CodeIgniter\CodeIgniter->startController()
#7 C:\xampp\htdocs\concoursvins\system\CodeIgniter.php(336): CodeIgniter\CodeIgniter->handleRequest(NULL, Object(Config\Cache), false)
#8 C:\xampp\htdocs\concoursvins\public\index.php(37): CodeIgniter\CodeIgniter->run()
#9 {main}
CRITICAL - 2021-11-29 07:02:01 --> Class 'App\Controllers\Ajax\Controller' not found
#0 C:\xampp\htdocs\concoursvins\system\Autoloader\Autoloader.php(300): include_once()
#1 C:\xampp\htdocs\concoursvins\system\Autoloader\Autoloader.php(273): CodeIgniter\Autoloader\Autoloader->includeFile('C:\\xampp\\htdocs...')
#2 C:\xampp\htdocs\concoursvins\system\Autoloader\Autoloader.php(247): CodeIgniter\Autoloader\Autoloader->loadInNamespace('App\\Controllers...')
#3 [internal function]: CodeIgniter\Autoloader\Autoloader->loadClass('App\\Controllers...')
#4 [internal function]: spl_autoload_call('App\\Controllers...')
#5 C:\xampp\htdocs\concoursvins\system\CodeIgniter.php(885): class_exists('\\App\\Controller...', true)
#6 C:\xampp\htdocs\concoursvins\system\CodeIgniter.php(421): CodeIgniter\CodeIgniter->startController()
#7 C:\xampp\htdocs\concoursvins\system\CodeIgniter.php(336): CodeIgniter\CodeIgniter->handleRequest(NULL, Object(Config\Cache), false)
#8 C:\xampp\htdocs\concoursvins\public\index.php(37): CodeIgniter\CodeIgniter->run()
#9 {main}
CRITICAL - 2021-11-29 07:03:48 --> Class 'App\Controllers\Ajax\Controller' not found
#0 C:\xampp\htdocs\concoursvins\system\Autoloader\Autoloader.php(300): include_once()
#1 C:\xampp\htdocs\concoursvins\system\Autoloader\Autoloader.php(273): CodeIgniter\Autoloader\Autoloader->includeFile('C:\\xampp\\htdocs...')
#2 C:\xampp\htdocs\concoursvins\system\Autoloader\Autoloader.php(247): CodeIgniter\Autoloader\Autoloader->loadInNamespace('App\\Controllers...')
#3 [internal function]: CodeIgniter\Autoloader\Autoloader->loadClass('App\\Controllers...')
#4 [internal function]: spl_autoload_call('App\\Controllers...')
#5 C:\xampp\htdocs\concoursvins\system\CodeIgniter.php(885): class_exists('\\App\\Controller...', true)
#6 C:\xampp\htdocs\concoursvins\system\CodeIgniter.php(421): CodeIgniter\CodeIgniter->startController()
#7 C:\xampp\htdocs\concoursvins\system\CodeIgniter.php(336): CodeIgniter\CodeIgniter->handleRequest(NULL, Object(Config\Cache), false)
#8 C:\xampp\htdocs\concoursvins\public\index.php(37): CodeIgniter\CodeIgniter->run()
#9 {main}
CRITICAL - 2021-11-29 07:04:04 --> Class 'App\Controllers\Ajax\Controller' not found
#0 C:\xampp\htdocs\concoursvins\system\Autoloader\Autoloader.php(300): include_once()
#1 C:\xampp\htdocs\concoursvins\system\Autoloader\Autoloader.php(273): CodeIgniter\Autoloader\Autoloader->includeFile('C:\\xampp\\htdocs...')
#2 C:\xampp\htdocs\concoursvins\system\Autoloader\Autoloader.php(247): CodeIgniter\Autoloader\Autoloader->loadInNamespace('App\\Controllers...')
#3 [internal function]: CodeIgniter\Autoloader\Autoloader->loadClass('App\\Controllers...')
#4 [internal function]: spl_autoload_call('App\\Controllers...')
#5 C:\xampp\htdocs\concoursvins\system\CodeIgniter.php(885): class_exists('\\App\\Controller...', true)
#6 C:\xampp\htdocs\concoursvins\system\CodeIgniter.php(421): CodeIgniter\CodeIgniter->startController()
#7 C:\xampp\htdocs\concoursvins\system\CodeIgniter.php(336): CodeIgniter\CodeIgniter->handleRequest(NULL, Object(Config\Cache), false)
#8 C:\xampp\htdocs\concoursvins\public\index.php(37): CodeIgniter\CodeIgniter->run()
#9 {main}
CRITICAL - 2021-11-29 07:05:53 --> Class 'App\Controllers\Ajax\Controller' not found
#0 C:\xampp\htdocs\concoursvins\system\Autoloader\Autoloader.php(300): include_once()
#1 C:\xampp\htdocs\concoursvins\system\Autoloader\Autoloader.php(273): CodeIgniter\Autoloader\Autoloader->includeFile('C:\\xampp\\htdocs...')
#2 C:\xampp\htdocs\concoursvins\system\Autoloader\Autoloader.php(247): CodeIgniter\Autoloader\Autoloader->loadInNamespace('App\\Controllers...')
#3 [internal function]: CodeIgniter\Autoloader\Autoloader->loadClass('App\\Controllers...')
#4 [internal function]: spl_autoload_call('App\\Controllers...')
#5 C:\xampp\htdocs\concoursvins\system\CodeIgniter.php(885): class_exists('\\App\\Controller...', true)
#6 C:\xampp\htdocs\concoursvins\system\CodeIgniter.php(421): CodeIgniter\CodeIgniter->startController()
#7 C:\xampp\htdocs\concoursvins\system\CodeIgniter.php(336): CodeIgniter\CodeIgniter->handleRequest(NULL, Object(Config\Cache), false)
#8 C:\xampp\htdocs\concoursvins\public\index.php(37): CodeIgniter\CodeIgniter->run()
#9 {main}
CRITICAL - 2021-11-29 07:08:23 --> Class 'App\Controllers\Ajax\Controller' not found
#0 C:\xampp\htdocs\concoursvins\system\Autoloader\Autoloader.php(300): include_once()
#1 C:\xampp\htdocs\concoursvins\system\Autoloader\Autoloader.php(273): CodeIgniter\Autoloader\Autoloader->includeFile('C:\\xampp\\htdocs...')
#2 C:\xampp\htdocs\concoursvins\system\Autoloader\Autoloader.php(247): CodeIgniter\Autoloader\Autoloader->loadInNamespace('App\\Controllers...')
#3 [internal function]: CodeIgniter\Autoloader\Autoloader->loadClass('App\\Controllers...')
#4 [internal function]: spl_autoload_call('App\\Controllers...')
#5 C:\xampp\htdocs\concoursvins\system\CodeIgniter.php(885): class_exists('\\App\\Controller...', true)
#6 C:\xampp\htdocs\concoursvins\system\CodeIgniter.php(421): CodeIgniter\CodeIgniter->startController()
#7 C:\xampp\htdocs\concoursvins\system\CodeIgniter.php(336): CodeIgniter\CodeIgniter->handleRequest(NULL, Object(Config\Cache), false)
#8 C:\xampp\htdocs\concoursvins\public\index.php(37): CodeIgniter\CodeIgniter->run()
#9 {main}
CRITICAL - 2021-11-29 07:08:27 --> Class 'App\Controllers\Ajax\Controller' not found
#0 C:\xampp\htdocs\concoursvins\system\Autoloader\Autoloader.php(300): include_once()
#1 C:\xampp\htdocs\concoursvins\system\Autoloader\Autoloader.php(273): CodeIgniter\Autoloader\Autoloader->includeFile('C:\\xampp\\htdocs...')
#2 C:\xampp\htdocs\concoursvins\system\Autoloader\Autoloader.php(247): CodeIgniter\Autoloader\Autoloader->loadInNamespace('App\\Controllers...')
#3 [internal function]: CodeIgniter\Autoloader\Autoloader->loadClass('App\\Controllers...')
#4 [internal function]: spl_autoload_call('App\\Controllers...')
#5 C:\xampp\htdocs\concoursvins\system\CodeIgniter.php(885): class_exists('\\App\\Controller...', true)
#6 C:\xampp\htdocs\concoursvins\system\CodeIgniter.php(421): CodeIgniter\CodeIgniter->startController()
#7 C:\xampp\htdocs\concoursvins\system\CodeIgniter.php(336): CodeIgniter\CodeIgniter->handleRequest(NULL, Object(Config\Cache), false)
#8 C:\xampp\htdocs\concoursvins\public\index.php(37): CodeIgniter\CodeIgniter->run()
#9 {main}
CRITICAL - 2021-11-29 07:11:23 --> Class 'App\Controllers\Ajax\Controller' not found
#0 C:\xampp\htdocs\concoursvins\system\Autoloader\Autoloader.php(300): include_once()
#1 C:\xampp\htdocs\concoursvins\system\Autoloader\Autoloader.php(273): CodeIgniter\Autoloader\Autoloader->includeFile('C:\\xampp\\htdocs...')
#2 C:\xampp\htdocs\concoursvins\system\Autoloader\Autoloader.php(247): CodeIgniter\Autoloader\Autoloader->loadInNamespace('App\\Controllers...')
#3 [internal function]: CodeIgniter\Autoloader\Autoloader->loadClass('App\\Controllers...')
#4 [internal function]: spl_autoload_call('App\\Controllers...')
#5 C:\xampp\htdocs\concoursvins\system\CodeIgniter.php(885): class_exists('\\App\\Controller...', true)
#6 C:\xampp\htdocs\concoursvins\system\CodeIgniter.php(421): CodeIgniter\CodeIgniter->startController()
#7 C:\xampp\htdocs\concoursvins\system\CodeIgniter.php(336): CodeIgniter\CodeIgniter->handleRequest(NULL, Object(Config\Cache), false)
#8 C:\xampp\htdocs\concoursvins\public\index.php(37): CodeIgniter\CodeIgniter->run()
#9 {main}
CRITICAL - 2021-11-29 07:11:35 --> Class 'App\Controllers\Ajax\Controller' not found
#0 C:\xampp\htdocs\concoursvins\system\Autoloader\Autoloader.php(300): include_once()
#1 C:\xampp\htdocs\concoursvins\system\Autoloader\Autoloader.php(273): CodeIgniter\Autoloader\Autoloader->includeFile('C:\\xampp\\htdocs...')
#2 C:\xampp\htdocs\concoursvins\system\Autoloader\Autoloader.php(247): CodeIgniter\Autoloader\Autoloader->loadInNamespace('App\\Controllers...')
#3 [internal function]: CodeIgniter\Autoloader\Autoloader->loadClass('App\\Controllers...')
#4 [internal function]: spl_autoload_call('App\\Controllers...')
#5 C:\xampp\htdocs\concoursvins\system\CodeIgniter.php(885): class_exists('\\App\\Controller...', true)
#6 C:\xampp\htdocs\concoursvins\system\CodeIgniter.php(421): CodeIgniter\CodeIgniter->startController()
#7 C:\xampp\htdocs\concoursvins\system\CodeIgniter.php(336): CodeIgniter\CodeIgniter->handleRequest(NULL, Object(Config\Cache), false)
#8 C:\xampp\htdocs\concoursvins\public\index.php(37): CodeIgniter\CodeIgniter->run()
#9 {main}
CRITICAL - 2021-11-29 07:15:11 --> Class 'App\Controllers\Ajax\Controller' not found
#0 C:\xampp\htdocs\concoursvins\system\Autoloader\Autoloader.php(300): include_once()
#1 C:\xampp\htdocs\concoursvins\system\Autoloader\Autoloader.php(273): CodeIgniter\Autoloader\Autoloader->includeFile('C:\\xampp\\htdocs...')
#2 C:\xampp\htdocs\concoursvins\system\Autoloader\Autoloader.php(247): CodeIgniter\Autoloader\Autoloader->loadInNamespace('App\\Controllers...')
#3 [internal function]: CodeIgniter\Autoloader\Autoloader->loadClass('App\\Controllers...')
#4 [internal function]: spl_autoload_call('App\\Controllers...')
#5 C:\xampp\htdocs\concoursvins\system\CodeIgniter.php(885): class_exists('\\App\\Controller...', true)
#6 C:\xampp\htdocs\concoursvins\system\CodeIgniter.php(421): CodeIgniter\CodeIgniter->startController()
#7 C:\xampp\htdocs\concoursvins\system\CodeIgniter.php(336): CodeIgniter\CodeIgniter->handleRequest(NULL, Object(Config\Cache), false)
#8 C:\xampp\htdocs\concoursvins\public\index.php(37): CodeIgniter\CodeIgniter->run()
#9 {main}
CRITICAL - 2021-11-29 07:15:41 --> Class 'App\Controllers\Ajax\Controller' not found
#0 C:\xampp\htdocs\concoursvins\system\Autoloader\Autoloader.php(300): include_once()
#1 C:\xampp\htdocs\concoursvins\system\Autoloader\Autoloader.php(273): CodeIgniter\Autoloader\Autoloader->includeFile('C:\\xampp\\htdocs...')
#2 C:\xampp\htdocs\concoursvins\system\Autoloader\Autoloader.php(247): CodeIgniter\Autoloader\Autoloader->loadInNamespace('App\\Controllers...')
#3 [internal function]: CodeIgniter\Autoloader\Autoloader->loadClass('App\\Controllers...')
#4 [internal function]: spl_autoload_call('App\\Controllers...')
#5 C:\xampp\htdocs\concoursvins\system\CodeIgniter.php(885): class_exists('\\App\\Controller...', true)
#6 C:\xampp\htdocs\concoursvins\system\CodeIgniter.php(421): CodeIgniter\CodeIgniter->startController()
#7 C:\xampp\htdocs\concoursvins\system\CodeIgniter.php(336): CodeIgniter\CodeIgniter->handleRequest(NULL, Object(Config\Cache), false)
#8 C:\xampp\htdocs\concoursvins\public\index.php(37): CodeIgniter\CodeIgniter->run()
#9 {main}
CRITICAL - 2021-11-29 07:15:46 --> Class 'App\Controllers\Ajax\Controller' not found
#0 C:\xampp\htdocs\concoursvins\system\Autoloader\Autoloader.php(300): include_once()
#1 C:\xampp\htdocs\concoursvins\system\Autoloader\Autoloader.php(273): CodeIgniter\Autoloader\Autoloader->includeFile('C:\\xampp\\htdocs...')
#2 C:\xampp\htdocs\concoursvins\system\Autoloader\Autoloader.php(247): CodeIgniter\Autoloader\Autoloader->loadInNamespace('App\\Controllers...')
#3 [internal function]: CodeIgniter\Autoloader\Autoloader->loadClass('App\\Controllers...')
#4 [internal function]: spl_autoload_call('App\\Controllers...')
#5 C:\xampp\htdocs\concoursvins\system\CodeIgniter.php(885): class_exists('\\App\\Controller...', true)
#6 C:\xampp\htdocs\concoursvins\system\CodeIgniter.php(421): CodeIgniter\CodeIgniter->startController()
#7 C:\xampp\htdocs\concoursvins\system\CodeIgniter.php(336): CodeIgniter\CodeIgniter->handleRequest(NULL, Object(Config\Cache), false)
#8 C:\xampp\htdocs\concoursvins\public\index.php(37): CodeIgniter\CodeIgniter->run()
#9 {main}
CRITICAL - 2021-11-29 07:29:45 --> Class 'App\Controllers\Ajax\Controller' not found
#0 C:\xampp\htdocs\concoursvins\system\Autoloader\Autoloader.php(300): include_once()
#1 C:\xampp\htdocs\concoursvins\system\Autoloader\Autoloader.php(273): CodeIgniter\Autoloader\Autoloader->includeFile('C:\\xampp\\htdocs...')
#2 C:\xampp\htdocs\concoursvins\system\Autoloader\Autoloader.php(247): CodeIgniter\Autoloader\Autoloader->loadInNamespace('App\\Controllers...')
#3 [internal function]: CodeIgniter\Autoloader\Autoloader->loadClass('App\\Controllers...')
#4 [internal function]: spl_autoload_call('App\\Controllers...')
#5 C:\xampp\htdocs\concoursvins\system\CodeIgniter.php(885): class_exists('\\App\\Controller...', true)
#6 C:\xampp\htdocs\concoursvins\system\CodeIgniter.php(421): CodeIgniter\CodeIgniter->startController()
#7 C:\xampp\htdocs\concoursvins\system\CodeIgniter.php(336): CodeIgniter\CodeIgniter->handleRequest(NULL, Object(Config\Cache), false)
#8 C:\xampp\htdocs\concoursvins\public\index.php(37): CodeIgniter\CodeIgniter->run()
#9 {main}
CRITICAL - 2021-11-29 07:29:49 --> Class 'App\Controllers\Ajax\Controller' not found
#0 C:\xampp\htdocs\concoursvins\system\Autoloader\Autoloader.php(300): include_once()
#1 C:\xampp\htdocs\concoursvins\system\Autoloader\Autoloader.php(273): CodeIgniter\Autoloader\Autoloader->includeFile('C:\\xampp\\htdocs...')
#2 C:\xampp\htdocs\concoursvins\system\Autoloader\Autoloader.php(247): CodeIgniter\Autoloader\Autoloader->loadInNamespace('App\\Controllers...')
#3 [internal function]: CodeIgniter\Autoloader\Autoloader->loadClass('App\\Controllers...')
#4 [internal function]: spl_autoload_call('App\\Controllers...')
#5 C:\xampp\htdocs\concoursvins\system\CodeIgniter.php(885): class_exists('\\App\\Controller...', true)
#6 C:\xampp\htdocs\concoursvins\system\CodeIgniter.php(421): CodeIgniter\CodeIgniter->startController()
#7 C:\xampp\htdocs\concoursvins\system\CodeIgniter.php(336): CodeIgniter\CodeIgniter->handleRequest(NULL, Object(Config\Cache), false)
#8 C:\xampp\htdocs\concoursvins\public\index.php(37): CodeIgniter\CodeIgniter->run()
#9 {main}
CRITICAL - 2021-11-29 07:34:21 --> You must set the database table to be used with your query.
#0 C:\xampp\htdocs\concoursvins\app\Models\M_producteur.php(28): CodeIgniter\Database\BaseConnection->table(NULL)
#1 C:\xampp\htdocs\concoursvins\app\Controllers\Jury\C_saisirNotes.php(20): App\Models\M_producteur->getListeProducteur()
#2 C:\xampp\htdocs\concoursvins\system\CodeIgniter.php(928): App\Controllers\Jury\C_saisirNotes->index()
#3 C:\xampp\htdocs\concoursvins\system\CodeIgniter.php(436): CodeIgniter\CodeIgniter->runController(Object(App\Controllers\Jury\C_saisirNotes))
#4 C:\xampp\htdocs\concoursvins\system\CodeIgniter.php(336): CodeIgniter\CodeIgniter->handleRequest(NULL, Object(Config\Cache), false)
#5 C:\xampp\htdocs\concoursvins\public\index.php(37): CodeIgniter\CodeIgniter->run()
#6 {main}
CRITICAL - 2021-11-29 07:34:34 --> Class 'App\Controllers\Ajax\Controller' not found
#0 C:\xampp\htdocs\concoursvins\system\Autoloader\Autoloader.php(300): include_once()
#1 C:\xampp\htdocs\concoursvins\system\Autoloader\Autoloader.php(273): CodeIgniter\Autoloader\Autoloader->includeFile('C:\\xampp\\htdocs...')
#2 C:\xampp\htdocs\concoursvins\system\Autoloader\Autoloader.php(247): CodeIgniter\Autoloader\Autoloader->loadInNamespace('App\\Controllers...')
#3 [internal function]: CodeIgniter\Autoloader\Autoloader->loadClass('App\\Controllers...')
#4 [internal function]: spl_autoload_call('App\\Controllers...')
#5 C:\xampp\htdocs\concoursvins\system\CodeIgniter.php(885): class_exists('\\App\\Controller...', true)
#6 C:\xampp\htdocs\concoursvins\system\CodeIgniter.php(421): CodeIgniter\CodeIgniter->startController()
#7 C:\xampp\htdocs\concoursvins\system\CodeIgniter.php(336): CodeIgniter\CodeIgniter->handleRequest(NULL, Object(Config\Cache), false)
#8 C:\xampp\htdocs\concoursvins\public\index.php(37): CodeIgniter\CodeIgniter->run()
#9 {main}
CRITICAL - 2021-11-29 07:40:49 --> Class 'App\Controllers\Ajax\Controller' not found
#0 C:\xampp\htdocs\concoursvins\system\Autoloader\Autoloader.php(300): include_once()
#1 C:\xampp\htdocs\concoursvins\system\Autoloader\Autoloader.php(273): CodeIgniter\Autoloader\Autoloader->includeFile('C:\\xampp\\htdocs...')
#2 C:\xampp\htdocs\concoursvins\system\Autoloader\Autoloader.php(247): CodeIgniter\Autoloader\Autoloader->loadInNamespace('App\\Controllers...')
#3 [internal function]: CodeIgniter\Autoloader\Autoloader->loadClass('App\\Controllers...')
#4 [internal function]: spl_autoload_call('App\\Controllers...')
#5 C:\xampp\htdocs\concoursvins\system\CodeIgniter.php(885): class_exists('\\App\\Controller...', true)
#6 C:\xampp\htdocs\concoursvins\system\CodeIgniter.php(421): CodeIgniter\CodeIgniter->startController()
#7 C:\xampp\htdocs\concoursvins\system\CodeIgniter.php(336): CodeIgniter\CodeIgniter->handleRequest(NULL, Object(Config\Cache), false)
#8 C:\xampp\htdocs\concoursvins\public\index.php(37): CodeIgniter\CodeIgniter->run()
#9 {main}
CRITICAL - 2021-11-29 08:08:11 --> Class 'App\Controllers\Ajax\Controller' not found
#0 C:\xampp\htdocs\concoursvins\system\Autoloader\Autoloader.php(300): include_once()
#1 C:\xampp\htdocs\concoursvins\system\Autoloader\Autoloader.php(273): CodeIgniter\Autoloader\Autoloader->includeFile('C:\\xampp\\htdocs...')
#2 C:\xampp\htdocs\concoursvins\system\Autoloader\Autoloader.php(247): CodeIgniter\Autoloader\Autoloader->loadInNamespace('App\\Controllers...')
#3 [internal function]: CodeIgniter\Autoloader\Autoloader->loadClass('App\\Controllers...')
#4 [internal function]: spl_autoload_call('App\\Controllers...')
#5 C:\xampp\htdocs\concoursvins\system\CodeIgniter.php(885): class_exists('\\App\\Controller...', true)
#6 C:\xampp\htdocs\concoursvins\system\CodeIgniter.php(421): CodeIgniter\CodeIgniter->startController()
#7 C:\xampp\htdocs\concoursvins\system\CodeIgniter.php(336): CodeIgniter\CodeIgniter->handleRequest(NULL, Object(Config\Cache), false)
#8 C:\xampp\htdocs\concoursvins\public\index.php(37): CodeIgniter\CodeIgniter->run()
#9 {main}
CRITICAL - 2021-11-29 08:08:14 --> Class 'App\Controllers\Ajax\Controller' not found
#0 C:\xampp\htdocs\concoursvins\system\Autoloader\Autoloader.php(300): include_once()
#1 C:\xampp\htdocs\concoursvins\system\Autoloader\Autoloader.php(273): CodeIgniter\Autoloader\Autoloader->includeFile('C:\\xampp\\htdocs...')
#2 C:\xampp\htdocs\concoursvins\system\Autoloader\Autoloader.php(247): CodeIgniter\Autoloader\Autoloader->loadInNamespace('App\\Controllers...')
#3 [internal function]: CodeIgniter\Autoloader\Autoloader->loadClass('App\\Controllers...')
#4 [internal function]: spl_autoload_call('App\\Controllers...')
#5 C:\xampp\htdocs\concoursvins\system\CodeIgniter.php(885): class_exists('\\App\\Controller...', true)
#6 C:\xampp\htdocs\concoursvins\system\CodeIgniter.php(421): CodeIgniter\CodeIgniter->startController()
#7 C:\xampp\htdocs\concoursvins\system\CodeIgniter.php(336): CodeIgniter\CodeIgniter->handleRequest(NULL, Object(Config\Cache), false)
#8 C:\xampp\htdocs\concoursvins\public\index.php(37): CodeIgniter\CodeIgniter->run()
#9 {main}
CRITICAL - 2021-11-29 08:52:59 --> Class 'App\Controllers\Ajax\Controller' not found
#0 C:\xampp\htdocs\concoursvins\system\Autoloader\Autoloader.php(300): include_once()
#1 C:\xampp\htdocs\concoursvins\system\Autoloader\Autoloader.php(273): CodeIgniter\Autoloader\Autoloader->includeFile('C:\\xampp\\htdocs...')
#2 C:\xampp\htdocs\concoursvins\system\Autoloader\Autoloader.php(247): CodeIgniter\Autoloader\Autoloader->loadInNamespace('App\\Controllers...')
#3 [internal function]: CodeIgniter\Autoloader\Autoloader->loadClass('App\\Controllers...')
#4 [internal function]: spl_autoload_call('App\\Controllers...')
#5 C:\xampp\htdocs\concoursvins\system\CodeIgniter.php(885): class_exists('\\App\\Controller...', true)
#6 C:\xampp\htdocs\concoursvins\system\CodeIgniter.php(421): CodeIgniter\CodeIgniter->startController()
#7 C:\xampp\htdocs\concoursvins\system\CodeIgniter.php(336): CodeIgniter\CodeIgniter->handleRequest(NULL, Object(Config\Cache), false)
#8 C:\xampp\htdocs\concoursvins\public\index.php(37): CodeIgniter\CodeIgniter->run()
#9 {main}
CRITICAL - 2021-11-29 08:54:15 --> Class 'App\Controllers\Ajax\Controller' not found
#0 C:\xampp\htdocs\concoursvins\system\Autoloader\Autoloader.php(300): include_once()
#1 C:\xampp\htdocs\concoursvins\system\Autoloader\Autoloader.php(273): CodeIgniter\Autoloader\Autoloader->includeFile('C:\\xampp\\htdocs...')
#2 C:\xampp\htdocs\concoursvins\system\Autoloader\Autoloader.php(247): CodeIgniter\Autoloader\Autoloader->loadInNamespace('App\\Controllers...')
#3 [internal function]: CodeIgniter\Autoloader\Autoloader->loadClass('App\\Controllers...')
#4 [internal function]: spl_autoload_call('App\\Controllers...')
#5 C:\xampp\htdocs\concoursvins\system\CodeIgniter.php(885): class_exists('\\App\\Controller...', true)
#6 C:\xampp\htdocs\concoursvins\system\CodeIgniter.php(421): CodeIgniter\CodeIgniter->startController()
#7 C:\xampp\htdocs\concoursvins\system\CodeIgniter.php(336): CodeIgniter\CodeIgniter->handleRequest(NULL, Object(Config\Cache), false)
#8 C:\xampp\htdocs\concoursvins\public\index.php(37): CodeIgniter\CodeIgniter->run()
#9 {main}
CRITICAL - 2021-11-29 08:58:26 --> Class 'App\Controllers\Ajax\Controller' not found
#0 C:\xampp\htdocs\concoursvins\system\Autoloader\Autoloader.php(300): include_once()
#1 C:\xampp\htdocs\concoursvins\system\Autoloader\Autoloader.php(273): CodeIgniter\Autoloader\Autoloader->includeFile('C:\\xampp\\htdocs...')
#2 C:\xampp\htdocs\concoursvins\system\Autoloader\Autoloader.php(247): CodeIgniter\Autoloader\Autoloader->loadInNamespace('App\\Controllers...')
#3 [internal function]: CodeIgniter\Autoloader\Autoloader->loadClass('App\\Controllers...')
#4 [internal function]: spl_autoload_call('App\\Controllers...')
#5 C:\xampp\htdocs\concoursvins\system\CodeIgniter.php(885): class_exists('\\App\\Controller...', true)
#6 C:\xampp\htdocs\concoursvins\system\CodeIgniter.php(421): CodeIgniter\CodeIgniter->startController()
#7 C:\xampp\htdocs\concoursvins\system\CodeIgniter.php(336): CodeIgniter\CodeIgniter->handleRequest(NULL, Object(Config\Cache), false)
#8 C:\xampp\htdocs\concoursvins\public\index.php(37): CodeIgniter\CodeIgniter->run()
#9 {main}
CRITICAL - 2021-11-29 08:58:36 --> Class 'App\Controllers\Ajax\Controller' not found
#0 C:\xampp\htdocs\concoursvins\system\Autoloader\Autoloader.php(300): include_once()
#1 C:\xampp\htdocs\concoursvins\system\Autoloader\Autoloader.php(273): CodeIgniter\Autoloader\Autoloader->includeFile('C:\\xampp\\htdocs...')
#2 C:\xampp\htdocs\concoursvins\system\Autoloader\Autoloader.php(247): CodeIgniter\Autoloader\Autoloader->loadInNamespace('App\\Controllers...')
#3 [internal function]: CodeIgniter\Autoloader\Autoloader->loadClass('App\\Controllers...')
#4 [internal function]: spl_autoload_call('App\\Controllers...')
#5 C:\xampp\htdocs\concoursvins\system\CodeIgniter.php(885): class_exists('\\App\\Controller...', true)
#6 C:\xampp\htdocs\concoursvins\system\CodeIgniter.php(421): CodeIgniter\CodeIgniter->startController()
#7 C:\xampp\htdocs\concoursvins\system\CodeIgniter.php(336): CodeIgniter\CodeIgniter->handleRequest(NULL, Object(Config\Cache), false)
#8 C:\xampp\htdocs\concoursvins\public\index.php(37): CodeIgniter\CodeIgniter->run()
#9 {main}
CRITICAL - 2021-11-29 08:59:08 --> Class 'App\Controllers\Ajax\Controller' not found
#0 C:\xampp\htdocs\concoursvins\system\Autoloader\Autoloader.php(300): include_once()
#1 C:\xampp\htdocs\concoursvins\system\Autoloader\Autoloader.php(273): CodeIgniter\Autoloader\Autoloader->includeFile('C:\\xampp\\htdocs...')
#2 C:\xampp\htdocs\concoursvins\system\Autoloader\Autoloader.php(247): CodeIgniter\Autoloader\Autoloader->loadInNamespace('App\\Controllers...')
#3 [internal function]: CodeIgniter\Autoloader\Autoloader->loadClass('App\\Controllers...')
#4 [internal function]: spl_autoload_call('App\\Controllers...')
#5 C:\xampp\htdocs\concoursvins\system\CodeIgniter.php(885): class_exists('\\App\\Controller...', true)
#6 C:\xampp\htdocs\concoursvins\system\CodeIgniter.php(421): CodeIgniter\CodeIgniter->startController()
#7 C:\xampp\htdocs\concoursvins\system\CodeIgniter.php(336): CodeIgniter\CodeIgniter->handleRequest(NULL, Object(Config\Cache), false)
#8 C:\xampp\htdocs\concoursvins\public\index.php(37): CodeIgniter\CodeIgniter->run()
#9 {main}
CRITICAL - 2021-11-29 09:00:08 --> Class 'App\Controllers\Ajax\Controller' not found
#0 C:\xampp\htdocs\concoursvins\system\Autoloader\Autoloader.php(300): include_once()
#1 C:\xampp\htdocs\concoursvins\system\Autoloader\Autoloader.php(273): CodeIgniter\Autoloader\Autoloader->includeFile('C:\\xampp\\htdocs...')
#2 C:\xampp\htdocs\concoursvins\system\Autoloader\Autoloader.php(247): CodeIgniter\Autoloader\Autoloader->loadInNamespace('App\\Controllers...')
#3 [internal function]: CodeIgniter\Autoloader\Autoloader->loadClass('App\\Controllers...')
#4 [internal function]: spl_autoload_call('App\\Controllers...')
#5 C:\xampp\htdocs\concoursvins\system\CodeIgniter.php(885): class_exists('\\App\\Controller...', true)
#6 C:\xampp\htdocs\concoursvins\system\CodeIgniter.php(421): CodeIgniter\CodeIgniter->startController()
#7 C:\xampp\htdocs\concoursvins\system\CodeIgniter.php(336): CodeIgniter\CodeIgniter->handleRequest(NULL, Object(Config\Cache), false)
#8 C:\xampp\htdocs\concoursvins\public\index.php(37): CodeIgniter\CodeIgniter->run()
#9 {main}
CRITICAL - 2021-11-29 09:00:19 --> Class 'App\Controllers\Ajax\Controller' not found
#0 C:\xampp\htdocs\concoursvins\system\Autoloader\Autoloader.php(300): include_once()
#1 C:\xampp\htdocs\concoursvins\system\Autoloader\Autoloader.php(273): CodeIgniter\Autoloader\Autoloader->includeFile('C:\\xampp\\htdocs...')
#2 C:\xampp\htdocs\concoursvins\system\Autoloader\Autoloader.php(247): CodeIgniter\Autoloader\Autoloader->loadInNamespace('App\\Controllers...')
#3 [internal function]: CodeIgniter\Autoloader\Autoloader->loadClass('App\\Controllers...')
#4 [internal function]: spl_autoload_call('App\\Controllers...')
#5 C:\xampp\htdocs\concoursvins\system\CodeIgniter.php(885): class_exists('\\App\\Controller...', true)
#6 C:\xampp\htdocs\concoursvins\system\CodeIgniter.php(421): CodeIgniter\CodeIgniter->startController()
#7 C:\xampp\htdocs\concoursvins\system\CodeIgniter.php(336): CodeIgniter\CodeIgniter->handleRequest(NULL, Object(Config\Cache), false)
#8 C:\xampp\htdocs\concoursvins\public\index.php(37): CodeIgniter\CodeIgniter->run()
#9 {main}
CRITICAL - 2021-11-29 09:01:19 --> Class 'App\Controllers\Ajax\Controller' not found
#0 C:\xampp\htdocs\concoursvins\system\Autoloader\Autoloader.php(300): include_once()
#1 C:\xampp\htdocs\concoursvins\system\Autoloader\Autoloader.php(273): CodeIgniter\Autoloader\Autoloader->includeFile('C:\\xampp\\htdocs...')
#2 C:\xampp\htdocs\concoursvins\system\Autoloader\Autoloader.php(247): CodeIgniter\Autoloader\Autoloader->loadInNamespace('App\\Controllers...')
#3 [internal function]: CodeIgniter\Autoloader\Autoloader->loadClass('App\\Controllers...')
#4 [internal function]: spl_autoload_call('App\\Controllers...')
#5 C:\xampp\htdocs\concoursvins\system\CodeIgniter.php(885): class_exists('\\App\\Controller...', true)
#6 C:\xampp\htdocs\concoursvins\system\CodeIgniter.php(421): CodeIgniter\CodeIgniter->startController()
#7 C:\xampp\htdocs\concoursvins\system\CodeIgniter.php(336): CodeIgniter\CodeIgniter->handleRequest(NULL, Object(Config\Cache), false)
#8 C:\xampp\htdocs\concoursvins\public\index.php(37): CodeIgniter\CodeIgniter->run()
#9 {main}
CRITICAL - 2021-11-29 09:07:03 --> Class 'App\Controllers\Ajax\Controller' not found
#0 C:\xampp\htdocs\concoursvins\system\Autoloader\Autoloader.php(300): include_once()
#1 C:\xampp\htdocs\concoursvins\system\Autoloader\Autoloader.php(273): CodeIgniter\Autoloader\Autoloader->includeFile('C:\\xampp\\htdocs...')
#2 C:\xampp\htdocs\concoursvins\system\Autoloader\Autoloader.php(247): CodeIgniter\Autoloader\Autoloader->loadInNamespace('App\\Controllers...')
#3 [internal function]: CodeIgniter\Autoloader\Autoloader->loadClass('App\\Controllers...')
#4 [internal function]: spl_autoload_call('App\\Controllers...')
#5 C:\xampp\htdocs\concoursvins\system\CodeIgniter.php(885): class_exists('\\App\\Controller...', true)
#6 C:\xampp\htdocs\concoursvins\system\CodeIgniter.php(421): CodeIgniter\CodeIgniter->startController()
#7 C:\xampp\htdocs\concoursvins\system\CodeIgniter.php(336): CodeIgniter\CodeIgniter->handleRequest(NULL, Object(Config\Cache), false)
#8 C:\xampp\htdocs\concoursvins\public\index.php(37): CodeIgniter\CodeIgniter->run()
#9 {main}
CRITICAL - 2021-11-29 09:09:34 --> Class 'App\Controllers\Ajax\Controller' not found
#0 C:\xampp\htdocs\concoursvins\system\Autoloader\Autoloader.php(300): include_once()
#1 C:\xampp\htdocs\concoursvins\system\Autoloader\Autoloader.php(273): CodeIgniter\Autoloader\Autoloader->includeFile('C:\\xampp\\htdocs...')
#2 C:\xampp\htdocs\concoursvins\system\Autoloader\Autoloader.php(247): CodeIgniter\Autoloader\Autoloader->loadInNamespace('App\\Controllers...')
#3 [internal function]: CodeIgniter\Autoloader\Autoloader->loadClass('App\\Controllers...')
#4 [internal function]: spl_autoload_call('App\\Controllers...')
#5 C:\xampp\htdocs\concoursvins\system\CodeIgniter.php(885): class_exists('\\App\\Controller...', true)
#6 C:\xampp\htdocs\concoursvins\system\CodeIgniter.php(421): CodeIgniter\CodeIgniter->startController()
#7 C:\xampp\htdocs\concoursvins\system\CodeIgniter.php(336): CodeIgniter\CodeIgniter->handleRequest(NULL, Object(Config\Cache), false)
#8 C:\xampp\htdocs\concoursvins\public\index.php(37): CodeIgniter\CodeIgniter->run()
#9 {main}
CRITICAL - 2021-11-29 09:15:12 --> Class 'App\Controllers\Ajax\Controller' not found
#0 C:\xampp\htdocs\concoursvins\system\Autoloader\Autoloader.php(300): include_once()
#1 C:\xampp\htdocs\concoursvins\system\Autoloader\Autoloader.php(273): CodeIgniter\Autoloader\Autoloader->includeFile('C:\\xampp\\htdocs...')
#2 C:\xampp\htdocs\concoursvins\system\Autoloader\Autoloader.php(247): CodeIgniter\Autoloader\Autoloader->loadInNamespace('App\\Controllers...')
#3 [internal function]: CodeIgniter\Autoloader\Autoloader->loadClass('App\\Controllers...')
#4 [internal function]: spl_autoload_call('App\\Controllers...')
#5 C:\xampp\htdocs\concoursvins\system\CodeIgniter.php(885): class_exists('\\App\\Controller...', true)
#6 C:\xampp\htdocs\concoursvins\system\CodeIgniter.php(421): CodeIgniter\CodeIgniter->startController()
#7 C:\xampp\htdocs\concoursvins\system\CodeIgniter.php(336): CodeIgniter\CodeIgniter->handleRequest(NULL, Object(Config\Cache), false)
#8 C:\xampp\htdocs\concoursvins\public\index.php(37): CodeIgniter\CodeIgniter->run()
#9 {main}
CRITICAL - 2021-11-29 09:18:04 --> Class 'App\Controllers\Ajax\Controller' not found
#0 C:\xampp\htdocs\concoursvins\system\Autoloader\Autoloader.php(300): include_once()
#1 C:\xampp\htdocs\concoursvins\system\Autoloader\Autoloader.php(273): CodeIgniter\Autoloader\Autoloader->includeFile('C:\\xampp\\htdocs...')
#2 C:\xampp\htdocs\concoursvins\system\Autoloader\Autoloader.php(247): CodeIgniter\Autoloader\Autoloader->loadInNamespace('App\\Controllers...')
#3 [internal function]: CodeIgniter\Autoloader\Autoloader->loadClass('App\\Controllers...')
#4 [internal function]: spl_autoload_call('App\\Controllers...')
#5 C:\xampp\htdocs\concoursvins\system\CodeIgniter.php(885): class_exists('\\App\\Controller...', true)
#6 C:\xampp\htdocs\concoursvins\system\CodeIgniter.php(421): CodeIgniter\CodeIgniter->startController()
#7 C:\xampp\htdocs\concoursvins\system\CodeIgniter.php(336): CodeIgniter\CodeIgniter->handleRequest(NULL, Object(Config\Cache), false)
#8 C:\xampp\htdocs\concoursvins\public\index.php(37): CodeIgniter\CodeIgniter->run()
#9 {main}
CRITICAL - 2021-11-29 09:24:43 --> Call to a member function getListeVin() on null
#0 C:\xampp\htdocs\concoursvins\system\CodeIgniter.php(928): App\Controllers\Jury\C_saisirNotes->index()
#1 C:\xampp\htdocs\concoursvins\system\CodeIgniter.php(436): CodeIgniter\CodeIgniter->runController(Object(App\Controllers\Jury\C_saisirNotes))
#2 C:\xampp\htdocs\concoursvins\system\CodeIgniter.php(336): CodeIgniter\CodeIgniter->handleRequest(NULL, Object(Config\Cache), false)
#3 C:\xampp\htdocs\concoursvins\public\index.php(37): CodeIgniter\CodeIgniter->run()
#4 {main}
CRITICAL - 2021-11-29 09:29:46 --> Call to a member function getListeVin() on null
#0 C:\xampp\htdocs\concoursvins\system\CodeIgniter.php(928): App\Controllers\Jury\C_saisirNotes->index()
#1 C:\xampp\htdocs\concoursvins\system\CodeIgniter.php(436): CodeIgniter\CodeIgniter->runController(Object(App\Controllers\Jury\C_saisirNotes))
#2 C:\xampp\htdocs\concoursvins\system\CodeIgniter.php(336): CodeIgniter\CodeIgniter->handleRequest(NULL, Object(Config\Cache), false)
#3 C:\xampp\htdocs\concoursvins\public\index.php(37): CodeIgniter\CodeIgniter->run()
#4 {main}
CRITICAL - 2021-11-29 09:30:18 --> Undefined offset: 1
#0 C:\xampp\htdocs\concoursvins\system\Router\Router.php(464): CodeIgniter\Debug\Exceptions->errorHandler(8, 'Undefined offse...', 'C:\\xampp\\htdocs...', 464, Array)
#1 C:\xampp\htdocs\concoursvins\system\Router\Router.php(151): CodeIgniter\Router\Router->checkRoutes('SaisirNotes')
#2 C:\xampp\htdocs\concoursvins\system\CodeIgniter.php(809): CodeIgniter\Router\Router->handle('SaisirNotes')
#3 C:\xampp\htdocs\concoursvins\system\CodeIgniter.php(389): CodeIgniter\CodeIgniter->tryToRouteIt(Object(CodeIgniter\Router\RouteCollection))
#4 C:\xampp\htdocs\concoursvins\system\CodeIgniter.php(336): CodeIgniter\CodeIgniter->handleRequest(NULL, Object(Config\Cache), false)
#5 C:\xampp\htdocs\concoursvins\public\index.php(37): CodeIgniter\CodeIgniter->run()
#6 {main}
CRITICAL - 2021-11-29 09:34:29 --> Undefined offset: 1
#0 C:\xampp\htdocs\concoursvins\system\Router\Router.php(464): CodeIgniter\Debug\Exceptions->errorHandler(8, 'Undefined offse...', 'C:\\xampp\\htdocs...', 464, Array)
#1 C:\xampp\htdocs\concoursvins\system\Router\Router.php(151): CodeIgniter\Router\Router->checkRoutes('SaisirNotes')
#2 C:\xampp\htdocs\concoursvins\system\CodeIgniter.php(809): CodeIgniter\Router\Router->handle('SaisirNotes')
#3 C:\xampp\htdocs\concoursvins\system\CodeIgniter.php(389): CodeIgniter\CodeIgniter->tryToRouteIt(Object(CodeIgniter\Router\RouteCollection))
#4 C:\xampp\htdocs\concoursvins\system\CodeIgniter.php(336): CodeIgniter\CodeIgniter->handleRequest(NULL, Object(Config\Cache), false)
#5 C:\xampp\htdocs\concoursvins\public\index.php(37): CodeIgniter\CodeIgniter->run()
#6 {main}
CRITICAL - 2021-11-29 09:48:25 --> Undefined offset: 1
#0 C:\xampp\htdocs\concoursvins\system\Router\Router.php(464): CodeIgniter\Debug\Exceptions->errorHandler(8, 'Undefined offse...', 'C:\\xampp\\htdocs...', 464, Array)
#1 C:\xampp\htdocs\concoursvins\system\Router\Router.php(151): CodeIgniter\Router\Router->checkRoutes('SaisirNotes')
#2 C:\xampp\htdocs\concoursvins\system\CodeIgniter.php(809): CodeIgniter\Router\Router->handle('SaisirNotes')
#3 C:\xampp\htdocs\concoursvins\system\CodeIgniter.php(389): CodeIgniter\CodeIgniter->tryToRouteIt(Object(CodeIgniter\Router\RouteCollection))
#4 C:\xampp\htdocs\concoursvins\system\CodeIgniter.php(336): CodeIgniter\CodeIgniter->handleRequest(NULL, Object(Config\Cache), false)
#5 C:\xampp\htdocs\concoursvins\public\index.php(37): CodeIgniter\CodeIgniter->run()
#6 {main}
CRITICAL - 2021-11-29 10:24:31 --> Undefined offset: 1
#0 C:\xampp\htdocs\concoursvins\system\Router\Router.php(464): CodeIgniter\Debug\Exceptions->errorHandler(8, 'Undefined offse...', 'C:\\xampp\\htdocs...', 464, Array)
#1 C:\xampp\htdocs\concoursvins\system\Router\Router.php(151): CodeIgniter\Router\Router->checkRoutes('SaisirNotes')
#2 C:\xampp\htdocs\concoursvins\system\CodeIgniter.php(809): CodeIgniter\Router\Router->handle('SaisirNotes')
#3 C:\xampp\htdocs\concoursvins\system\CodeIgniter.php(389): CodeIgniter\CodeIgniter->tryToRouteIt(Object(CodeIgniter\Router\RouteCollection))
#4 C:\xampp\htdocs\concoursvins\system\CodeIgniter.php(336): CodeIgniter\CodeIgniter->handleRequest(NULL, Object(Config\Cache), false)
#5 C:\xampp\htdocs\concoursvins\public\index.php(37): CodeIgniter\CodeIgniter->run()
#6 {main}
